{"date":"Fri Aug 29 2025 13:39:35 GMT+0700 (Indochina Time)","error":{"code":"MODULE_NOT_FOUND","requireStack":["D:\\ujikom\\ramein\\ramein-backend\\src\\services\\emailService.ts","D:\\ujikom\\ramein\\ramein-backend\\src\\controllers\\AuthController.ts","D:\\ujikom\\ramein\\ramein-backend\\src\\routes\\authRoutes.ts","D:\\ujikom\\ramein\\ramein-backend\\src\\app.ts","D:\\ujikom\\ramein\\ramein-backend\\src\\index.ts"]},"exception":true,"level":"error","message":"uncaughtException: Cannot find module 'googleapis'\nRequire stack:\n- D:\\ujikom\\ramein\\ramein-backend\\src\\services\\emailService.ts\n- D:\\ujikom\\ramein\\ramein-backend\\src\\controllers\\AuthController.ts\n- D:\\ujikom\\ramein\\ramein-backend\\src\\routes\\authRoutes.ts\n- D:\\ujikom\\ramein\\ramein-backend\\src\\app.ts\n- D:\\ujikom\\ramein\\ramein-backend\\src\\index.ts\nError: Cannot find module 'googleapis'\nRequire stack:\n- D:\\ujikom\\ramein\\ramein-backend\\src\\services\\emailService.ts\n- D:\\ujikom\\ramein\\ramein-backend\\src\\controllers\\AuthController.ts\n- D:\\ujikom\\ramein\\ramein-backend\\src\\routes\\authRoutes.ts\n- D:\\ujikom\\ramein\\ramein-backend\\src\\app.ts\n- D:\\ujikom\\ramein\\ramein-backend\\src\\index.ts\n    at Function._resolveFilename (node:internal/modules/cjs/loader:1365:15)\n    at defaultResolveImpl (node:internal/modules/cjs/loader:1021:19)\n    at resolveForCJSWithHooks (node:internal/modules/cjs/loader:1026:22)\n    at Function._load (node:internal/modules/cjs/loader:1175:37)\n    at TracingChannel.traceSync (node:diagnostics_channel:322:14)\n    at wrapModuleLoad (node:internal/modules/cjs/loader:235:24)\n    at Module.require (node:internal/modules/cjs/loader:1445:12)\n    at require (node:internal/modules/helpers:135:16)\n    at Object.<anonymous> (D:\\ujikom\\ramein\\ramein-backend\\src\\services\\emailService.ts:3:1)\n    at Module.<anonymous> (node:internal/modules/cjs/loader:1688:14)","os":{"loadavg":[0,0,0],"uptime":25877.531},"process":{"argv":["C:\\Program Files\\nodejs\\node.exe","src/index.ts"],"cwd":"D:\\ujikom\\ramein\\ramein-backend","execPath":"C:\\Program Files\\nodejs\\node.exe","gid":null,"memoryUsage":{"arrayBuffers":141216,"external":2548203,"heapTotal":54173696,"heapUsed":22317952,"rss":89980928},"pid":16264,"uid":null,"version":"v22.18.0"},"service":"ramein-backend","stack":"Error: Cannot find module 'googleapis'\nRequire stack:\n- D:\\ujikom\\ramein\\ramein-backend\\src\\services\\emailService.ts\n- D:\\ujikom\\ramein\\ramein-backend\\src\\controllers\\AuthController.ts\n- D:\\ujikom\\ramein\\ramein-backend\\src\\routes\\authRoutes.ts\n- D:\\ujikom\\ramein\\ramein-backend\\src\\app.ts\n- D:\\ujikom\\ramein\\ramein-backend\\src\\index.ts\n    at Function._resolveFilename (node:internal/modules/cjs/loader:1365:15)\n    at defaultResolveImpl (node:internal/modules/cjs/loader:1021:19)\n    at resolveForCJSWithHooks (node:internal/modules/cjs/loader:1026:22)\n    at Function._load (node:internal/modules/cjs/loader:1175:37)\n    at TracingChannel.traceSync (node:diagnostics_channel:322:14)\n    at wrapModuleLoad (node:internal/modules/cjs/loader:235:24)\n    at Module.require (node:internal/modules/cjs/loader:1445:12)\n    at require (node:internal/modules/helpers:135:16)\n    at Object.<anonymous> (D:\\ujikom\\ramein\\ramein-backend\\src\\services\\emailService.ts:3:1)\n    at Module.<anonymous> (node:internal/modules/cjs/loader:1688:14)","timestamp":"2025-08-29 13:39:35","trace":[{"column":15,"file":"node:internal/modules/cjs/loader","function":"Function._resolveFilename","line":1365,"method":"_resolveFilename","native":false},{"column":19,"file":"node:internal/modules/cjs/loader","function":"defaultResolveImpl","line":1021,"method":null,"native":false},{"column":22,"file":"node:internal/modules/cjs/loader","function":"resolveForCJSWithHooks","line":1026,"method":null,"native":false},{"column":37,"file":"node:internal/modules/cjs/loader","function":"Function._load","line":1175,"method":"_load","native":false},{"column":14,"file":"node:diagnostics_channel","function":"TracingChannel.traceSync","line":322,"method":"traceSync","native":false},{"column":24,"file":"node:internal/modules/cjs/loader","function":"wrapModuleLoad","line":235,"method":null,"native":false},{"column":12,"file":"node:internal/modules/cjs/loader","function":"Module.require","line":1445,"method":"require","native":false},{"column":16,"file":"node:internal/modules/helpers","function":"require","line":135,"method":null,"native":false},{"column":1,"file":"D:\\ujikom\\ramein\\ramein-backend\\src\\services\\emailService.ts","function":null,"line":3,"method":null,"native":false},{"column":14,"file":"node:internal/modules/cjs/loader","function":null,"line":1688,"method":null,"native":false}]}
{"date":"Fri Aug 29 2025 13:39:41 GMT+0700 (Indochina Time)","error":{"code":"MODULE_NOT_FOUND","requireStack":["D:\\ujikom\\ramein\\ramein-backend\\src\\services\\emailService.ts","D:\\ujikom\\ramein\\ramein-backend\\src\\controllers\\AuthController.ts","D:\\ujikom\\ramein\\ramein-backend\\src\\routes\\authRoutes.ts","D:\\ujikom\\ramein\\ramein-backend\\src\\app.ts","D:\\ujikom\\ramein\\ramein-backend\\src\\index.ts"]},"exception":true,"level":"error","message":"uncaughtException: Cannot find module 'googleapis'\nRequire stack:\n- D:\\ujikom\\ramein\\ramein-backend\\src\\services\\emailService.ts\n- D:\\ujikom\\ramein\\ramein-backend\\src\\controllers\\AuthController.ts\n- D:\\ujikom\\ramein\\ramein-backend\\src\\routes\\authRoutes.ts\n- D:\\ujikom\\ramein\\ramein-backend\\src\\app.ts\n- D:\\ujikom\\ramein\\ramein-backend\\src\\index.ts\nError: Cannot find module 'googleapis'\nRequire stack:\n- D:\\ujikom\\ramein\\ramein-backend\\src\\services\\emailService.ts\n- D:\\ujikom\\ramein\\ramein-backend\\src\\controllers\\AuthController.ts\n- D:\\ujikom\\ramein\\ramein-backend\\src\\routes\\authRoutes.ts\n- D:\\ujikom\\ramein\\ramein-backend\\src\\app.ts\n- D:\\ujikom\\ramein\\ramein-backend\\src\\index.ts\n    at Function._resolveFilename (node:internal/modules/cjs/loader:1365:15)\n    at defaultResolveImpl (node:internal/modules/cjs/loader:1021:19)\n    at resolveForCJSWithHooks (node:internal/modules/cjs/loader:1026:22)\n    at Function._load (node:internal/modules/cjs/loader:1175:37)\n    at TracingChannel.traceSync (node:diagnostics_channel:322:14)\n    at wrapModuleLoad (node:internal/modules/cjs/loader:235:24)\n    at Module.require (node:internal/modules/cjs/loader:1445:12)\n    at require (node:internal/modules/helpers:135:16)\n    at Object.<anonymous> (D:\\ujikom\\ramein\\ramein-backend\\src\\services\\emailService.ts:3:1)\n    at Module.<anonymous> (node:internal/modules/cjs/loader:1688:14)","os":{"loadavg":[0,0,0],"uptime":25883.375},"process":{"argv":["C:\\Program Files\\nodejs\\node.exe","src/index.ts"],"cwd":"D:\\ujikom\\ramein\\ramein-backend","execPath":"C:\\Program Files\\nodejs\\node.exe","gid":null,"memoryUsage":{"arrayBuffers":141216,"external":2548203,"heapTotal":53911552,"heapUsed":22316696,"rss":89522176},"pid":8636,"uid":null,"version":"v22.18.0"},"service":"ramein-backend","stack":"Error: Cannot find module 'googleapis'\nRequire stack:\n- D:\\ujikom\\ramein\\ramein-backend\\src\\services\\emailService.ts\n- D:\\ujikom\\ramein\\ramein-backend\\src\\controllers\\AuthController.ts\n- D:\\ujikom\\ramein\\ramein-backend\\src\\routes\\authRoutes.ts\n- D:\\ujikom\\ramein\\ramein-backend\\src\\app.ts\n- D:\\ujikom\\ramein\\ramein-backend\\src\\index.ts\n    at Function._resolveFilename (node:internal/modules/cjs/loader:1365:15)\n    at defaultResolveImpl (node:internal/modules/cjs/loader:1021:19)\n    at resolveForCJSWithHooks (node:internal/modules/cjs/loader:1026:22)\n    at Function._load (node:internal/modules/cjs/loader:1175:37)\n    at TracingChannel.traceSync (node:diagnostics_channel:322:14)\n    at wrapModuleLoad (node:internal/modules/cjs/loader:235:24)\n    at Module.require (node:internal/modules/cjs/loader:1445:12)\n    at require (node:internal/modules/helpers:135:16)\n    at Object.<anonymous> (D:\\ujikom\\ramein\\ramein-backend\\src\\services\\emailService.ts:3:1)\n    at Module.<anonymous> (node:internal/modules/cjs/loader:1688:14)","timestamp":"2025-08-29 13:39:41","trace":[{"column":15,"file":"node:internal/modules/cjs/loader","function":"Function._resolveFilename","line":1365,"method":"_resolveFilename","native":false},{"column":19,"file":"node:internal/modules/cjs/loader","function":"defaultResolveImpl","line":1021,"method":null,"native":false},{"column":22,"file":"node:internal/modules/cjs/loader","function":"resolveForCJSWithHooks","line":1026,"method":null,"native":false},{"column":37,"file":"node:internal/modules/cjs/loader","function":"Function._load","line":1175,"method":"_load","native":false},{"column":14,"file":"node:diagnostics_channel","function":"TracingChannel.traceSync","line":322,"method":"traceSync","native":false},{"column":24,"file":"node:internal/modules/cjs/loader","function":"wrapModuleLoad","line":235,"method":null,"native":false},{"column":12,"file":"node:internal/modules/cjs/loader","function":"Module.require","line":1445,"method":"require","native":false},{"column":16,"file":"node:internal/modules/helpers","function":"require","line":135,"method":null,"native":false},{"column":1,"file":"D:\\ujikom\\ramein\\ramein-backend\\src\\services\\emailService.ts","function":null,"line":3,"method":null,"native":false},{"column":14,"file":"node:internal/modules/cjs/loader","function":null,"line":1688,"method":null,"native":false}]}
{"date":"Sun Sep 21 2025 14:35:19 GMT+0700 (Western Indonesia Time)","error":{},"exception":true,"level":"error","message":"uncaughtException: argument handler must be a function\nTypeError: argument handler must be a function\n    at Route.<computed> [as post] (/home/zidnae/Dokumen/Code/ramein/ramein-backend/node_modules/router/lib/route.js:228:15)\n    at router.Router.<computed> [as post] (/home/zidnae/Dokumen/Code/ramein/ramein-backend/node_modules/router/index.js:448:19)\n    at Object.<anonymous> (/home/zidnae/Dokumen/Code/ramein/ramein-backend/src/routes/adminRoutes.ts:15:8)\n    at Module.<anonymous> (node:internal/modules/cjs/loader:1738:14)\n    at Module._compile (/home/zidnae/Dokumen/Code/ramein/ramein-backend/node_modules/source-map-support/source-map-support.js:568:25)\n    at Module.m._compile (/tmp/ts-node-dev-hook-39991976097362436.js:69:33)\n    at node:internal/modules/cjs/loader:1871:10\n    at require.extensions..jsx.require.extensions..js (/tmp/ts-node-dev-hook-39991976097362436.js:114:20)\n    at require.extensions.<computed> (/tmp/ts-node-dev-hook-39991976097362436.js:71:20)\n    at Object.nodeDevHook [as .ts] (/home/zidnae/Dokumen/Code/ramein/ramein-backend/node_modules/ts-node-dev/lib/hook.js:63:13)\n    at Module.load (node:internal/modules/cjs/loader:1470:32)\n    at Module._load (node:internal/modules/cjs/loader:1290:12)\n    at TracingChannel.traceSync (node:diagnostics_channel:322:14)\n    at wrapModuleLoad (node:internal/modules/cjs/loader:238:24)\n    at Module.require (node:internal/modules/cjs/loader:1493:12)\n    at require (node:internal/modules/helpers:152:16)","os":{"loadavg":[2.91,1.74,1.22],"uptime":1299.3},"process":{"argv":["/usr/bin/node","src/index.ts"],"cwd":"/home/zidnae/Dokumen/Code/ramein/ramein-backend","execPath":"/usr/bin/node","gid":1000,"memoryUsage":{"arrayBuffers":64291,"external":2847816,"heapTotal":210837504,"heapUsed":86831520,"rss":227020800},"pid":8858,"uid":1000,"version":"v24.7.0"},"service":"ramein-backend","stack":"TypeError: argument handler must be a function\n    at Route.<computed> [as post] (/home/zidnae/Dokumen/Code/ramein/ramein-backend/node_modules/router/lib/route.js:228:15)\n    at router.Router.<computed> [as post] (/home/zidnae/Dokumen/Code/ramein/ramein-backend/node_modules/router/index.js:448:19)\n    at Object.<anonymous> (/home/zidnae/Dokumen/Code/ramein/ramein-backend/src/routes/adminRoutes.ts:15:8)\n    at Module.<anonymous> (node:internal/modules/cjs/loader:1738:14)\n    at Module._compile (/home/zidnae/Dokumen/Code/ramein/ramein-backend/node_modules/source-map-support/source-map-support.js:568:25)\n    at Module.m._compile (/tmp/ts-node-dev-hook-39991976097362436.js:69:33)\n    at node:internal/modules/cjs/loader:1871:10\n    at require.extensions..jsx.require.extensions..js (/tmp/ts-node-dev-hook-39991976097362436.js:114:20)\n    at require.extensions.<computed> (/tmp/ts-node-dev-hook-39991976097362436.js:71:20)\n    at Object.nodeDevHook [as .ts] (/home/zidnae/Dokumen/Code/ramein/ramein-backend/node_modules/ts-node-dev/lib/hook.js:63:13)\n    at Module.load (node:internal/modules/cjs/loader:1470:32)\n    at Module._load (node:internal/modules/cjs/loader:1290:12)\n    at TracingChannel.traceSync (node:diagnostics_channel:322:14)\n    at wrapModuleLoad (node:internal/modules/cjs/loader:238:24)\n    at Module.require (node:internal/modules/cjs/loader:1493:12)\n    at require (node:internal/modules/helpers:152:16)","timestamp":"2025-09-21 14:35:19","trace":[{"column":15,"file":"/home/zidnae/Dokumen/Code/ramein/ramein-backend/node_modules/router/lib/route.js","function":"Route.<computed> [as post]","line":228,"method":"<computed> [as post]","native":false},{"column":19,"file":"/home/zidnae/Dokumen/Code/ramein/ramein-backend/node_modules/router/index.js","function":"router.Router.<computed> [as post]","line":448,"method":"<computed> [as post]","native":false},{"column":8,"file":"/home/zidnae/Dokumen/Code/ramein/ramein-backend/src/routes/adminRoutes.ts","function":null,"line":15,"method":null,"native":false},{"column":14,"file":"node:internal/modules/cjs/loader","function":null,"line":1738,"method":null,"native":false},{"column":25,"file":"/home/zidnae/Dokumen/Code/ramein/ramein-backend/node_modules/source-map-support/source-map-support.js","function":"Module._compile","line":568,"method":"_compile","native":false},{"column":33,"file":"/tmp/ts-node-dev-hook-39991976097362436.js","function":"Module.m._compile","line":69,"method":"_compile","native":false},{"column":10,"file":"node:internal/modules/cjs/loader","function":null,"line":1871,"method":null,"native":false},{"column":20,"file":"/tmp/ts-node-dev-hook-39991976097362436.js","function":"require.extensions..jsx.require.extensions..js","line":114,"method":".js","native":false},{"column":20,"file":"/tmp/ts-node-dev-hook-39991976097362436.js","function":"require.extensions.<computed>","line":71,"method":"<computed>","native":false},{"column":13,"file":"/home/zidnae/Dokumen/Code/ramein/ramein-backend/node_modules/ts-node-dev/lib/hook.js","function":"Object.nodeDevHook [as .ts]","line":63,"method":"ts]","native":false},{"column":32,"file":"node:internal/modules/cjs/loader","function":"Module.load","line":1470,"method":"load","native":false},{"column":12,"file":"node:internal/modules/cjs/loader","function":"Module._load","line":1290,"method":"_load","native":false},{"column":14,"file":"node:diagnostics_channel","function":"TracingChannel.traceSync","line":322,"method":"traceSync","native":false},{"column":24,"file":"node:internal/modules/cjs/loader","function":"wrapModuleLoad","line":238,"method":null,"native":false},{"column":12,"file":"node:internal/modules/cjs/loader","function":"Module.require","line":1493,"method":"require","native":false},{"column":16,"file":"node:internal/modules/helpers","function":"require","line":152,"method":null,"native":false}]}
{"date":"Sun Sep 21 2025 14:35:24 GMT+0700 (Western Indonesia Time)","error":{},"exception":true,"level":"error","message":"uncaughtException: argument handler must be a function\nTypeError: argument handler must be a function\n    at Route.<computed> [as post] (/home/zidnae/Dokumen/Code/ramein/ramein-backend/node_modules/router/lib/route.js:228:15)\n    at router.Router.<computed> [as post] (/home/zidnae/Dokumen/Code/ramein/ramein-backend/node_modules/router/index.js:448:19)\n    at Object.<anonymous> (/home/zidnae/Dokumen/Code/ramein/ramein-backend/src/routes/adminRoutes.ts:15:8)\n    at Module.<anonymous> (node:internal/modules/cjs/loader:1738:14)\n    at Module._compile (/home/zidnae/Dokumen/Code/ramein/ramein-backend/node_modules/source-map-support/source-map-support.js:568:25)\n    at Module.m._compile (/tmp/ts-node-dev-hook-39991976097362436.js:69:33)\n    at node:internal/modules/cjs/loader:1871:10\n    at require.extensions..jsx.require.extensions..js (/tmp/ts-node-dev-hook-39991976097362436.js:114:20)\n    at require.extensions.<computed> (/tmp/ts-node-dev-hook-39991976097362436.js:71:20)\n    at Object.nodeDevHook [as .ts] (/home/zidnae/Dokumen/Code/ramein/ramein-backend/node_modules/ts-node-dev/lib/hook.js:63:13)\n    at Module.load (node:internal/modules/cjs/loader:1470:32)\n    at Module._load (node:internal/modules/cjs/loader:1290:12)\n    at TracingChannel.traceSync (node:diagnostics_channel:322:14)\n    at wrapModuleLoad (node:internal/modules/cjs/loader:238:24)\n    at Module.require (node:internal/modules/cjs/loader:1493:12)\n    at require (node:internal/modules/helpers:152:16)","os":{"loadavg":[3,1.77,1.24],"uptime":1303.71},"process":{"argv":["/usr/bin/node","src/index.ts"],"cwd":"/home/zidnae/Dokumen/Code/ramein/ramein-backend","execPath":"/usr/bin/node","gid":1000,"memoryUsage":{"arrayBuffers":64291,"external":2847816,"heapTotal":210575360,"heapUsed":84681536,"rss":226627584},"pid":8907,"uid":1000,"version":"v24.7.0"},"service":"ramein-backend","stack":"TypeError: argument handler must be a function\n    at Route.<computed> [as post] (/home/zidnae/Dokumen/Code/ramein/ramein-backend/node_modules/router/lib/route.js:228:15)\n    at router.Router.<computed> [as post] (/home/zidnae/Dokumen/Code/ramein/ramein-backend/node_modules/router/index.js:448:19)\n    at Object.<anonymous> (/home/zidnae/Dokumen/Code/ramein/ramein-backend/src/routes/adminRoutes.ts:15:8)\n    at Module.<anonymous> (node:internal/modules/cjs/loader:1738:14)\n    at Module._compile (/home/zidnae/Dokumen/Code/ramein/ramein-backend/node_modules/source-map-support/source-map-support.js:568:25)\n    at Module.m._compile (/tmp/ts-node-dev-hook-39991976097362436.js:69:33)\n    at node:internal/modules/cjs/loader:1871:10\n    at require.extensions..jsx.require.extensions..js (/tmp/ts-node-dev-hook-39991976097362436.js:114:20)\n    at require.extensions.<computed> (/tmp/ts-node-dev-hook-39991976097362436.js:71:20)\n    at Object.nodeDevHook [as .ts] (/home/zidnae/Dokumen/Code/ramein/ramein-backend/node_modules/ts-node-dev/lib/hook.js:63:13)\n    at Module.load (node:internal/modules/cjs/loader:1470:32)\n    at Module._load (node:internal/modules/cjs/loader:1290:12)\n    at TracingChannel.traceSync (node:diagnostics_channel:322:14)\n    at wrapModuleLoad (node:internal/modules/cjs/loader:238:24)\n    at Module.require (node:internal/modules/cjs/loader:1493:12)\n    at require (node:internal/modules/helpers:152:16)","timestamp":"2025-09-21 14:35:24","trace":[{"column":15,"file":"/home/zidnae/Dokumen/Code/ramein/ramein-backend/node_modules/router/lib/route.js","function":"Route.<computed> [as post]","line":228,"method":"<computed> [as post]","native":false},{"column":19,"file":"/home/zidnae/Dokumen/Code/ramein/ramein-backend/node_modules/router/index.js","function":"router.Router.<computed> [as post]","line":448,"method":"<computed> [as post]","native":false},{"column":8,"file":"/home/zidnae/Dokumen/Code/ramein/ramein-backend/src/routes/adminRoutes.ts","function":null,"line":15,"method":null,"native":false},{"column":14,"file":"node:internal/modules/cjs/loader","function":null,"line":1738,"method":null,"native":false},{"column":25,"file":"/home/zidnae/Dokumen/Code/ramein/ramein-backend/node_modules/source-map-support/source-map-support.js","function":"Module._compile","line":568,"method":"_compile","native":false},{"column":33,"file":"/tmp/ts-node-dev-hook-39991976097362436.js","function":"Module.m._compile","line":69,"method":"_compile","native":false},{"column":10,"file":"node:internal/modules/cjs/loader","function":null,"line":1871,"method":null,"native":false},{"column":20,"file":"/tmp/ts-node-dev-hook-39991976097362436.js","function":"require.extensions..jsx.require.extensions..js","line":114,"method":".js","native":false},{"column":20,"file":"/tmp/ts-node-dev-hook-39991976097362436.js","function":"require.extensions.<computed>","line":71,"method":"<computed>","native":false},{"column":13,"file":"/home/zidnae/Dokumen/Code/ramein/ramein-backend/node_modules/ts-node-dev/lib/hook.js","function":"Object.nodeDevHook [as .ts]","line":63,"method":"ts]","native":false},{"column":32,"file":"node:internal/modules/cjs/loader","function":"Module.load","line":1470,"method":"load","native":false},{"column":12,"file":"node:internal/modules/cjs/loader","function":"Module._load","line":1290,"method":"_load","native":false},{"column":14,"file":"node:diagnostics_channel","function":"TracingChannel.traceSync","line":322,"method":"traceSync","native":false},{"column":24,"file":"node:internal/modules/cjs/loader","function":"wrapModuleLoad","line":238,"method":null,"native":false},{"column":12,"file":"node:internal/modules/cjs/loader","function":"Module.require","line":1493,"method":"require","native":false},{"column":16,"file":"node:internal/modules/helpers","function":"require","line":152,"method":null,"native":false}]}
{"date":"Sun Sep 21 2025 14:35:28 GMT+0700 (Western Indonesia Time)","error":{},"exception":true,"level":"error","message":"uncaughtException: argument handler must be a function\nTypeError: argument handler must be a function\n    at Route.<computed> [as post] (/home/zidnae/Dokumen/Code/ramein/ramein-backend/node_modules/router/lib/route.js:228:15)\n    at router.Router.<computed> [as post] (/home/zidnae/Dokumen/Code/ramein/ramein-backend/node_modules/router/index.js:448:19)\n    at Object.<anonymous> (/home/zidnae/Dokumen/Code/ramein/ramein-backend/src/routes/adminRoutes.ts:15:8)\n    at Module.<anonymous> (node:internal/modules/cjs/loader:1738:14)\n    at Module._compile (/home/zidnae/Dokumen/Code/ramein/ramein-backend/node_modules/source-map-support/source-map-support.js:568:25)\n    at Module.m._compile (/tmp/ts-node-dev-hook-39991976097362436.js:69:33)\n    at node:internal/modules/cjs/loader:1871:10\n    at require.extensions..jsx.require.extensions..js (/tmp/ts-node-dev-hook-39991976097362436.js:114:20)\n    at require.extensions.<computed> (/tmp/ts-node-dev-hook-39991976097362436.js:71:20)\n    at Object.nodeDevHook [as .ts] (/home/zidnae/Dokumen/Code/ramein/ramein-backend/node_modules/ts-node-dev/lib/hook.js:63:13)\n    at Module.load (node:internal/modules/cjs/loader:1470:32)\n    at Module._load (node:internal/modules/cjs/loader:1290:12)\n    at TracingChannel.traceSync (node:diagnostics_channel:322:14)\n    at wrapModuleLoad (node:internal/modules/cjs/loader:238:24)\n    at Module.require (node:internal/modules/cjs/loader:1493:12)\n    at require (node:internal/modules/helpers:152:16)","os":{"loadavg":[3.8,1.96,1.3],"uptime":1307.6},"process":{"argv":["/usr/bin/node","src/index.ts"],"cwd":"/home/zidnae/Dokumen/Code/ramein/ramein-backend","execPath":"/usr/bin/node","gid":1000,"memoryUsage":{"arrayBuffers":64291,"external":2847816,"heapTotal":210575360,"heapUsed":84640896,"rss":225767424},"pid":8951,"uid":1000,"version":"v24.7.0"},"service":"ramein-backend","stack":"TypeError: argument handler must be a function\n    at Route.<computed> [as post] (/home/zidnae/Dokumen/Code/ramein/ramein-backend/node_modules/router/lib/route.js:228:15)\n    at router.Router.<computed> [as post] (/home/zidnae/Dokumen/Code/ramein/ramein-backend/node_modules/router/index.js:448:19)\n    at Object.<anonymous> (/home/zidnae/Dokumen/Code/ramein/ramein-backend/src/routes/adminRoutes.ts:15:8)\n    at Module.<anonymous> (node:internal/modules/cjs/loader:1738:14)\n    at Module._compile (/home/zidnae/Dokumen/Code/ramein/ramein-backend/node_modules/source-map-support/source-map-support.js:568:25)\n    at Module.m._compile (/tmp/ts-node-dev-hook-39991976097362436.js:69:33)\n    at node:internal/modules/cjs/loader:1871:10\n    at require.extensions..jsx.require.extensions..js (/tmp/ts-node-dev-hook-39991976097362436.js:114:20)\n    at require.extensions.<computed> (/tmp/ts-node-dev-hook-39991976097362436.js:71:20)\n    at Object.nodeDevHook [as .ts] (/home/zidnae/Dokumen/Code/ramein/ramein-backend/node_modules/ts-node-dev/lib/hook.js:63:13)\n    at Module.load (node:internal/modules/cjs/loader:1470:32)\n    at Module._load (node:internal/modules/cjs/loader:1290:12)\n    at TracingChannel.traceSync (node:diagnostics_channel:322:14)\n    at wrapModuleLoad (node:internal/modules/cjs/loader:238:24)\n    at Module.require (node:internal/modules/cjs/loader:1493:12)\n    at require (node:internal/modules/helpers:152:16)","timestamp":"2025-09-21 14:35:28","trace":[{"column":15,"file":"/home/zidnae/Dokumen/Code/ramein/ramein-backend/node_modules/router/lib/route.js","function":"Route.<computed> [as post]","line":228,"method":"<computed> [as post]","native":false},{"column":19,"file":"/home/zidnae/Dokumen/Code/ramein/ramein-backend/node_modules/router/index.js","function":"router.Router.<computed> [as post]","line":448,"method":"<computed> [as post]","native":false},{"column":8,"file":"/home/zidnae/Dokumen/Code/ramein/ramein-backend/src/routes/adminRoutes.ts","function":null,"line":15,"method":null,"native":false},{"column":14,"file":"node:internal/modules/cjs/loader","function":null,"line":1738,"method":null,"native":false},{"column":25,"file":"/home/zidnae/Dokumen/Code/ramein/ramein-backend/node_modules/source-map-support/source-map-support.js","function":"Module._compile","line":568,"method":"_compile","native":false},{"column":33,"file":"/tmp/ts-node-dev-hook-39991976097362436.js","function":"Module.m._compile","line":69,"method":"_compile","native":false},{"column":10,"file":"node:internal/modules/cjs/loader","function":null,"line":1871,"method":null,"native":false},{"column":20,"file":"/tmp/ts-node-dev-hook-39991976097362436.js","function":"require.extensions..jsx.require.extensions..js","line":114,"method":".js","native":false},{"column":20,"file":"/tmp/ts-node-dev-hook-39991976097362436.js","function":"require.extensions.<computed>","line":71,"method":"<computed>","native":false},{"column":13,"file":"/home/zidnae/Dokumen/Code/ramein/ramein-backend/node_modules/ts-node-dev/lib/hook.js","function":"Object.nodeDevHook [as .ts]","line":63,"method":"ts]","native":false},{"column":32,"file":"node:internal/modules/cjs/loader","function":"Module.load","line":1470,"method":"load","native":false},{"column":12,"file":"node:internal/modules/cjs/loader","function":"Module._load","line":1290,"method":"_load","native":false},{"column":14,"file":"node:diagnostics_channel","function":"TracingChannel.traceSync","line":322,"method":"traceSync","native":false},{"column":24,"file":"node:internal/modules/cjs/loader","function":"wrapModuleLoad","line":238,"method":null,"native":false},{"column":12,"file":"node:internal/modules/cjs/loader","function":"Module.require","line":1493,"method":"require","native":false},{"column":16,"file":"node:internal/modules/helpers","function":"require","line":152,"method":null,"native":false}]}
{"date":"Sun Sep 21 2025 14:35:32 GMT+0700 (Western Indonesia Time)","error":{},"exception":true,"level":"error","message":"uncaughtException: argument handler must be a function\nTypeError: argument handler must be a function\n    at Route.<computed> [as post] (/home/zidnae/Dokumen/Code/ramein/ramein-backend/node_modules/router/lib/route.js:228:15)\n    at router.Router.<computed> [as post] (/home/zidnae/Dokumen/Code/ramein/ramein-backend/node_modules/router/index.js:448:19)\n    at Object.<anonymous> (/home/zidnae/Dokumen/Code/ramein/ramein-backend/src/routes/adminRoutes.ts:15:8)\n    at Module.<anonymous> (node:internal/modules/cjs/loader:1738:14)\n    at Module._compile (/home/zidnae/Dokumen/Code/ramein/ramein-backend/node_modules/source-map-support/source-map-support.js:568:25)\n    at Module.m._compile (/tmp/ts-node-dev-hook-39991976097362436.js:69:33)\n    at node:internal/modules/cjs/loader:1871:10\n    at require.extensions..jsx.require.extensions..js (/tmp/ts-node-dev-hook-39991976097362436.js:114:20)\n    at require.extensions.<computed> (/tmp/ts-node-dev-hook-39991976097362436.js:71:20)\n    at Object.nodeDevHook [as .ts] (/home/zidnae/Dokumen/Code/ramein/ramein-backend/node_modules/ts-node-dev/lib/hook.js:63:13)\n    at Module.load (node:internal/modules/cjs/loader:1470:32)\n    at Module._load (node:internal/modules/cjs/loader:1290:12)\n    at TracingChannel.traceSync (node:diagnostics_channel:322:14)\n    at wrapModuleLoad (node:internal/modules/cjs/loader:238:24)\n    at Module.require (node:internal/modules/cjs/loader:1493:12)\n    at require (node:internal/modules/helpers:152:16)","os":{"loadavg":[4.22,2.08,1.34],"uptime":1311.52},"process":{"argv":["/usr/bin/node","src/index.ts"],"cwd":"/home/zidnae/Dokumen/Code/ramein/ramein-backend","execPath":"/usr/bin/node","gid":1000,"memoryUsage":{"arrayBuffers":64291,"external":2847816,"heapTotal":210575360,"heapUsed":84498944,"rss":226451456},"pid":9006,"uid":1000,"version":"v24.7.0"},"service":"ramein-backend","stack":"TypeError: argument handler must be a function\n    at Route.<computed> [as post] (/home/zidnae/Dokumen/Code/ramein/ramein-backend/node_modules/router/lib/route.js:228:15)\n    at router.Router.<computed> [as post] (/home/zidnae/Dokumen/Code/ramein/ramein-backend/node_modules/router/index.js:448:19)\n    at Object.<anonymous> (/home/zidnae/Dokumen/Code/ramein/ramein-backend/src/routes/adminRoutes.ts:15:8)\n    at Module.<anonymous> (node:internal/modules/cjs/loader:1738:14)\n    at Module._compile (/home/zidnae/Dokumen/Code/ramein/ramein-backend/node_modules/source-map-support/source-map-support.js:568:25)\n    at Module.m._compile (/tmp/ts-node-dev-hook-39991976097362436.js:69:33)\n    at node:internal/modules/cjs/loader:1871:10\n    at require.extensions..jsx.require.extensions..js (/tmp/ts-node-dev-hook-39991976097362436.js:114:20)\n    at require.extensions.<computed> (/tmp/ts-node-dev-hook-39991976097362436.js:71:20)\n    at Object.nodeDevHook [as .ts] (/home/zidnae/Dokumen/Code/ramein/ramein-backend/node_modules/ts-node-dev/lib/hook.js:63:13)\n    at Module.load (node:internal/modules/cjs/loader:1470:32)\n    at Module._load (node:internal/modules/cjs/loader:1290:12)\n    at TracingChannel.traceSync (node:diagnostics_channel:322:14)\n    at wrapModuleLoad (node:internal/modules/cjs/loader:238:24)\n    at Module.require (node:internal/modules/cjs/loader:1493:12)\n    at require (node:internal/modules/helpers:152:16)","timestamp":"2025-09-21 14:35:32","trace":[{"column":15,"file":"/home/zidnae/Dokumen/Code/ramein/ramein-backend/node_modules/router/lib/route.js","function":"Route.<computed> [as post]","line":228,"method":"<computed> [as post]","native":false},{"column":19,"file":"/home/zidnae/Dokumen/Code/ramein/ramein-backend/node_modules/router/index.js","function":"router.Router.<computed> [as post]","line":448,"method":"<computed> [as post]","native":false},{"column":8,"file":"/home/zidnae/Dokumen/Code/ramein/ramein-backend/src/routes/adminRoutes.ts","function":null,"line":15,"method":null,"native":false},{"column":14,"file":"node:internal/modules/cjs/loader","function":null,"line":1738,"method":null,"native":false},{"column":25,"file":"/home/zidnae/Dokumen/Code/ramein/ramein-backend/node_modules/source-map-support/source-map-support.js","function":"Module._compile","line":568,"method":"_compile","native":false},{"column":33,"file":"/tmp/ts-node-dev-hook-39991976097362436.js","function":"Module.m._compile","line":69,"method":"_compile","native":false},{"column":10,"file":"node:internal/modules/cjs/loader","function":null,"line":1871,"method":null,"native":false},{"column":20,"file":"/tmp/ts-node-dev-hook-39991976097362436.js","function":"require.extensions..jsx.require.extensions..js","line":114,"method":".js","native":false},{"column":20,"file":"/tmp/ts-node-dev-hook-39991976097362436.js","function":"require.extensions.<computed>","line":71,"method":"<computed>","native":false},{"column":13,"file":"/home/zidnae/Dokumen/Code/ramein/ramein-backend/node_modules/ts-node-dev/lib/hook.js","function":"Object.nodeDevHook [as .ts]","line":63,"method":"ts]","native":false},{"column":32,"file":"node:internal/modules/cjs/loader","function":"Module.load","line":1470,"method":"load","native":false},{"column":12,"file":"node:internal/modules/cjs/loader","function":"Module._load","line":1290,"method":"_load","native":false},{"column":14,"file":"node:diagnostics_channel","function":"TracingChannel.traceSync","line":322,"method":"traceSync","native":false},{"column":24,"file":"node:internal/modules/cjs/loader","function":"wrapModuleLoad","line":238,"method":null,"native":false},{"column":12,"file":"node:internal/modules/cjs/loader","function":"Module.require","line":1493,"method":"require","native":false},{"column":16,"file":"node:internal/modules/helpers","function":"require","line":152,"method":null,"native":false}]}
{"date":"Sun Sep 21 2025 14:35:35 GMT+0700 (Western Indonesia Time)","error":{},"exception":true,"level":"error","message":"uncaughtException: argument handler must be a function\nTypeError: argument handler must be a function\n    at Route.<computed> [as post] (/home/zidnae/Dokumen/Code/ramein/ramein-backend/node_modules/router/lib/route.js:228:15)\n    at router.Router.<computed> [as post] (/home/zidnae/Dokumen/Code/ramein/ramein-backend/node_modules/router/index.js:448:19)\n    at Object.<anonymous> (/home/zidnae/Dokumen/Code/ramein/ramein-backend/src/routes/adminRoutes.ts:15:8)\n    at Module.<anonymous> (node:internal/modules/cjs/loader:1738:14)\n    at Module._compile (/home/zidnae/Dokumen/Code/ramein/ramein-backend/node_modules/source-map-support/source-map-support.js:568:25)\n    at Module.m._compile (/tmp/ts-node-dev-hook-39991976097362436.js:69:33)\n    at node:internal/modules/cjs/loader:1871:10\n    at require.extensions..jsx.require.extensions..js (/tmp/ts-node-dev-hook-39991976097362436.js:114:20)\n    at require.extensions.<computed> (/tmp/ts-node-dev-hook-39991976097362436.js:71:20)\n    at Object.nodeDevHook [as .ts] (/home/zidnae/Dokumen/Code/ramein/ramein-backend/node_modules/ts-node-dev/lib/hook.js:63:13)\n    at Module.load (node:internal/modules/cjs/loader:1470:32)\n    at Module._load (node:internal/modules/cjs/loader:1290:12)\n    at TracingChannel.traceSync (node:diagnostics_channel:322:14)\n    at wrapModuleLoad (node:internal/modules/cjs/loader:238:24)\n    at Module.require (node:internal/modules/cjs/loader:1493:12)\n    at require (node:internal/modules/helpers:152:16)","os":{"loadavg":[4.22,2.08,1.34],"uptime":1314.97},"process":{"argv":["/usr/bin/node","src/index.ts"],"cwd":"/home/zidnae/Dokumen/Code/ramein/ramein-backend","execPath":"/usr/bin/node","gid":1000,"memoryUsage":{"arrayBuffers":64291,"external":2847816,"heapTotal":210313216,"heapUsed":84687080,"rss":226893824},"pid":9121,"uid":1000,"version":"v24.7.0"},"service":"ramein-backend","stack":"TypeError: argument handler must be a function\n    at Route.<computed> [as post] (/home/zidnae/Dokumen/Code/ramein/ramein-backend/node_modules/router/lib/route.js:228:15)\n    at router.Router.<computed> [as post] (/home/zidnae/Dokumen/Code/ramein/ramein-backend/node_modules/router/index.js:448:19)\n    at Object.<anonymous> (/home/zidnae/Dokumen/Code/ramein/ramein-backend/src/routes/adminRoutes.ts:15:8)\n    at Module.<anonymous> (node:internal/modules/cjs/loader:1738:14)\n    at Module._compile (/home/zidnae/Dokumen/Code/ramein/ramein-backend/node_modules/source-map-support/source-map-support.js:568:25)\n    at Module.m._compile (/tmp/ts-node-dev-hook-39991976097362436.js:69:33)\n    at node:internal/modules/cjs/loader:1871:10\n    at require.extensions..jsx.require.extensions..js (/tmp/ts-node-dev-hook-39991976097362436.js:114:20)\n    at require.extensions.<computed> (/tmp/ts-node-dev-hook-39991976097362436.js:71:20)\n    at Object.nodeDevHook [as .ts] (/home/zidnae/Dokumen/Code/ramein/ramein-backend/node_modules/ts-node-dev/lib/hook.js:63:13)\n    at Module.load (node:internal/modules/cjs/loader:1470:32)\n    at Module._load (node:internal/modules/cjs/loader:1290:12)\n    at TracingChannel.traceSync (node:diagnostics_channel:322:14)\n    at wrapModuleLoad (node:internal/modules/cjs/loader:238:24)\n    at Module.require (node:internal/modules/cjs/loader:1493:12)\n    at require (node:internal/modules/helpers:152:16)","timestamp":"2025-09-21 14:35:35","trace":[{"column":15,"file":"/home/zidnae/Dokumen/Code/ramein/ramein-backend/node_modules/router/lib/route.js","function":"Route.<computed> [as post]","line":228,"method":"<computed> [as post]","native":false},{"column":19,"file":"/home/zidnae/Dokumen/Code/ramein/ramein-backend/node_modules/router/index.js","function":"router.Router.<computed> [as post]","line":448,"method":"<computed> [as post]","native":false},{"column":8,"file":"/home/zidnae/Dokumen/Code/ramein/ramein-backend/src/routes/adminRoutes.ts","function":null,"line":15,"method":null,"native":false},{"column":14,"file":"node:internal/modules/cjs/loader","function":null,"line":1738,"method":null,"native":false},{"column":25,"file":"/home/zidnae/Dokumen/Code/ramein/ramein-backend/node_modules/source-map-support/source-map-support.js","function":"Module._compile","line":568,"method":"_compile","native":false},{"column":33,"file":"/tmp/ts-node-dev-hook-39991976097362436.js","function":"Module.m._compile","line":69,"method":"_compile","native":false},{"column":10,"file":"node:internal/modules/cjs/loader","function":null,"line":1871,"method":null,"native":false},{"column":20,"file":"/tmp/ts-node-dev-hook-39991976097362436.js","function":"require.extensions..jsx.require.extensions..js","line":114,"method":".js","native":false},{"column":20,"file":"/tmp/ts-node-dev-hook-39991976097362436.js","function":"require.extensions.<computed>","line":71,"method":"<computed>","native":false},{"column":13,"file":"/home/zidnae/Dokumen/Code/ramein/ramein-backend/node_modules/ts-node-dev/lib/hook.js","function":"Object.nodeDevHook [as .ts]","line":63,"method":"ts]","native":false},{"column":32,"file":"node:internal/modules/cjs/loader","function":"Module.load","line":1470,"method":"load","native":false},{"column":12,"file":"node:internal/modules/cjs/loader","function":"Module._load","line":1290,"method":"_load","native":false},{"column":14,"file":"node:diagnostics_channel","function":"TracingChannel.traceSync","line":322,"method":"traceSync","native":false},{"column":24,"file":"node:internal/modules/cjs/loader","function":"wrapModuleLoad","line":238,"method":null,"native":false},{"column":12,"file":"node:internal/modules/cjs/loader","function":"Module.require","line":1493,"method":"require","native":false},{"column":16,"file":"node:internal/modules/helpers","function":"require","line":152,"method":null,"native":false}]}
{"date":"Sun Sep 21 2025 14:35:38 GMT+0700 (Western Indonesia Time)","error":{},"exception":true,"level":"error","message":"uncaughtException: argument handler must be a function\nTypeError: argument handler must be a function\n    at Route.<computed> [as post] (/home/zidnae/Dokumen/Code/ramein/ramein-backend/node_modules/router/lib/route.js:228:15)\n    at router.Router.<computed> [as post] (/home/zidnae/Dokumen/Code/ramein/ramein-backend/node_modules/router/index.js:448:19)\n    at Object.<anonymous> (/home/zidnae/Dokumen/Code/ramein/ramein-backend/src/routes/adminRoutes.ts:15:8)\n    at Module.<anonymous> (node:internal/modules/cjs/loader:1738:14)\n    at Module._compile (/home/zidnae/Dokumen/Code/ramein/ramein-backend/node_modules/source-map-support/source-map-support.js:568:25)\n    at Module.m._compile (/tmp/ts-node-dev-hook-39991976097362436.js:69:33)\n    at node:internal/modules/cjs/loader:1871:10\n    at require.extensions..jsx.require.extensions..js (/tmp/ts-node-dev-hook-39991976097362436.js:114:20)\n    at require.extensions.<computed> (/tmp/ts-node-dev-hook-39991976097362436.js:71:20)\n    at Object.nodeDevHook [as .ts] (/home/zidnae/Dokumen/Code/ramein/ramein-backend/node_modules/ts-node-dev/lib/hook.js:63:13)\n    at Module.load (node:internal/modules/cjs/loader:1470:32)\n    at Module._load (node:internal/modules/cjs/loader:1290:12)\n    at TracingChannel.traceSync (node:diagnostics_channel:322:14)\n    at wrapModuleLoad (node:internal/modules/cjs/loader:238:24)\n    at Module.require (node:internal/modules/cjs/loader:1493:12)\n    at require (node:internal/modules/helpers:152:16)","os":{"loadavg":[4.12,2.09,1.35],"uptime":1318.08},"process":{"argv":["/usr/bin/node","src/index.ts"],"cwd":"/home/zidnae/Dokumen/Code/ramein/ramein-backend","execPath":"/usr/bin/node","gid":1000,"memoryUsage":{"arrayBuffers":64291,"external":2847816,"heapTotal":210575360,"heapUsed":84785816,"rss":226213888},"pid":9154,"uid":1000,"version":"v24.7.0"},"service":"ramein-backend","stack":"TypeError: argument handler must be a function\n    at Route.<computed> [as post] (/home/zidnae/Dokumen/Code/ramein/ramein-backend/node_modules/router/lib/route.js:228:15)\n    at router.Router.<computed> [as post] (/home/zidnae/Dokumen/Code/ramein/ramein-backend/node_modules/router/index.js:448:19)\n    at Object.<anonymous> (/home/zidnae/Dokumen/Code/ramein/ramein-backend/src/routes/adminRoutes.ts:15:8)\n    at Module.<anonymous> (node:internal/modules/cjs/loader:1738:14)\n    at Module._compile (/home/zidnae/Dokumen/Code/ramein/ramein-backend/node_modules/source-map-support/source-map-support.js:568:25)\n    at Module.m._compile (/tmp/ts-node-dev-hook-39991976097362436.js:69:33)\n    at node:internal/modules/cjs/loader:1871:10\n    at require.extensions..jsx.require.extensions..js (/tmp/ts-node-dev-hook-39991976097362436.js:114:20)\n    at require.extensions.<computed> (/tmp/ts-node-dev-hook-39991976097362436.js:71:20)\n    at Object.nodeDevHook [as .ts] (/home/zidnae/Dokumen/Code/ramein/ramein-backend/node_modules/ts-node-dev/lib/hook.js:63:13)\n    at Module.load (node:internal/modules/cjs/loader:1470:32)\n    at Module._load (node:internal/modules/cjs/loader:1290:12)\n    at TracingChannel.traceSync (node:diagnostics_channel:322:14)\n    at wrapModuleLoad (node:internal/modules/cjs/loader:238:24)\n    at Module.require (node:internal/modules/cjs/loader:1493:12)\n    at require (node:internal/modules/helpers:152:16)","timestamp":"2025-09-21 14:35:38","trace":[{"column":15,"file":"/home/zidnae/Dokumen/Code/ramein/ramein-backend/node_modules/router/lib/route.js","function":"Route.<computed> [as post]","line":228,"method":"<computed> [as post]","native":false},{"column":19,"file":"/home/zidnae/Dokumen/Code/ramein/ramein-backend/node_modules/router/index.js","function":"router.Router.<computed> [as post]","line":448,"method":"<computed> [as post]","native":false},{"column":8,"file":"/home/zidnae/Dokumen/Code/ramein/ramein-backend/src/routes/adminRoutes.ts","function":null,"line":15,"method":null,"native":false},{"column":14,"file":"node:internal/modules/cjs/loader","function":null,"line":1738,"method":null,"native":false},{"column":25,"file":"/home/zidnae/Dokumen/Code/ramein/ramein-backend/node_modules/source-map-support/source-map-support.js","function":"Module._compile","line":568,"method":"_compile","native":false},{"column":33,"file":"/tmp/ts-node-dev-hook-39991976097362436.js","function":"Module.m._compile","line":69,"method":"_compile","native":false},{"column":10,"file":"node:internal/modules/cjs/loader","function":null,"line":1871,"method":null,"native":false},{"column":20,"file":"/tmp/ts-node-dev-hook-39991976097362436.js","function":"require.extensions..jsx.require.extensions..js","line":114,"method":".js","native":false},{"column":20,"file":"/tmp/ts-node-dev-hook-39991976097362436.js","function":"require.extensions.<computed>","line":71,"method":"<computed>","native":false},{"column":13,"file":"/home/zidnae/Dokumen/Code/ramein/ramein-backend/node_modules/ts-node-dev/lib/hook.js","function":"Object.nodeDevHook [as .ts]","line":63,"method":"ts]","native":false},{"column":32,"file":"node:internal/modules/cjs/loader","function":"Module.load","line":1470,"method":"load","native":false},{"column":12,"file":"node:internal/modules/cjs/loader","function":"Module._load","line":1290,"method":"_load","native":false},{"column":14,"file":"node:diagnostics_channel","function":"TracingChannel.traceSync","line":322,"method":"traceSync","native":false},{"column":24,"file":"node:internal/modules/cjs/loader","function":"wrapModuleLoad","line":238,"method":null,"native":false},{"column":12,"file":"node:internal/modules/cjs/loader","function":"Module.require","line":1493,"method":"require","native":false},{"column":16,"file":"node:internal/modules/helpers","function":"require","line":152,"method":null,"native":false}]}
{"date":"Sun Sep 21 2025 14:35:42 GMT+0700 (Western Indonesia Time)","error":{},"exception":true,"level":"error","message":"uncaughtException: argument handler must be a function\nTypeError: argument handler must be a function\n    at Route.<computed> [as post] (/home/zidnae/Dokumen/Code/ramein/ramein-backend/node_modules/router/lib/route.js:228:15)\n    at router.Router.<computed> [as post] (/home/zidnae/Dokumen/Code/ramein/ramein-backend/node_modules/router/index.js:448:19)\n    at Object.<anonymous> (/home/zidnae/Dokumen/Code/ramein/ramein-backend/src/routes/adminRoutes.ts:15:8)\n    at Module.<anonymous> (node:internal/modules/cjs/loader:1738:14)\n    at Module._compile (/home/zidnae/Dokumen/Code/ramein/ramein-backend/node_modules/source-map-support/source-map-support.js:568:25)\n    at Module.m._compile (/tmp/ts-node-dev-hook-39991976097362436.js:69:33)\n    at node:internal/modules/cjs/loader:1871:10\n    at require.extensions..jsx.require.extensions..js (/tmp/ts-node-dev-hook-39991976097362436.js:114:20)\n    at require.extensions.<computed> (/tmp/ts-node-dev-hook-39991976097362436.js:71:20)\n    at Object.nodeDevHook [as .ts] (/home/zidnae/Dokumen/Code/ramein/ramein-backend/node_modules/ts-node-dev/lib/hook.js:63:13)\n    at Module.load (node:internal/modules/cjs/loader:1470:32)\n    at Module._load (node:internal/modules/cjs/loader:1290:12)\n    at TracingChannel.traceSync (node:diagnostics_channel:322:14)\n    at wrapModuleLoad (node:internal/modules/cjs/loader:238:24)\n    at Module.require (node:internal/modules/cjs/loader:1493:12)\n    at require (node:internal/modules/helpers:152:16)","os":{"loadavg":[4.43,2.19,1.39],"uptime":1321.94},"process":{"argv":["/usr/bin/node","src/index.ts"],"cwd":"/home/zidnae/Dokumen/Code/ramein/ramein-backend","execPath":"/usr/bin/node","gid":1000,"memoryUsage":{"arrayBuffers":64291,"external":2847816,"heapTotal":210837504,"heapUsed":84462488,"rss":226164736},"pid":9194,"uid":1000,"version":"v24.7.0"},"service":"ramein-backend","stack":"TypeError: argument handler must be a function\n    at Route.<computed> [as post] (/home/zidnae/Dokumen/Code/ramein/ramein-backend/node_modules/router/lib/route.js:228:15)\n    at router.Router.<computed> [as post] (/home/zidnae/Dokumen/Code/ramein/ramein-backend/node_modules/router/index.js:448:19)\n    at Object.<anonymous> (/home/zidnae/Dokumen/Code/ramein/ramein-backend/src/routes/adminRoutes.ts:15:8)\n    at Module.<anonymous> (node:internal/modules/cjs/loader:1738:14)\n    at Module._compile (/home/zidnae/Dokumen/Code/ramein/ramein-backend/node_modules/source-map-support/source-map-support.js:568:25)\n    at Module.m._compile (/tmp/ts-node-dev-hook-39991976097362436.js:69:33)\n    at node:internal/modules/cjs/loader:1871:10\n    at require.extensions..jsx.require.extensions..js (/tmp/ts-node-dev-hook-39991976097362436.js:114:20)\n    at require.extensions.<computed> (/tmp/ts-node-dev-hook-39991976097362436.js:71:20)\n    at Object.nodeDevHook [as .ts] (/home/zidnae/Dokumen/Code/ramein/ramein-backend/node_modules/ts-node-dev/lib/hook.js:63:13)\n    at Module.load (node:internal/modules/cjs/loader:1470:32)\n    at Module._load (node:internal/modules/cjs/loader:1290:12)\n    at TracingChannel.traceSync (node:diagnostics_channel:322:14)\n    at wrapModuleLoad (node:internal/modules/cjs/loader:238:24)\n    at Module.require (node:internal/modules/cjs/loader:1493:12)\n    at require (node:internal/modules/helpers:152:16)","timestamp":"2025-09-21 14:35:42","trace":[{"column":15,"file":"/home/zidnae/Dokumen/Code/ramein/ramein-backend/node_modules/router/lib/route.js","function":"Route.<computed> [as post]","line":228,"method":"<computed> [as post]","native":false},{"column":19,"file":"/home/zidnae/Dokumen/Code/ramein/ramein-backend/node_modules/router/index.js","function":"router.Router.<computed> [as post]","line":448,"method":"<computed> [as post]","native":false},{"column":8,"file":"/home/zidnae/Dokumen/Code/ramein/ramein-backend/src/routes/adminRoutes.ts","function":null,"line":15,"method":null,"native":false},{"column":14,"file":"node:internal/modules/cjs/loader","function":null,"line":1738,"method":null,"native":false},{"column":25,"file":"/home/zidnae/Dokumen/Code/ramein/ramein-backend/node_modules/source-map-support/source-map-support.js","function":"Module._compile","line":568,"method":"_compile","native":false},{"column":33,"file":"/tmp/ts-node-dev-hook-39991976097362436.js","function":"Module.m._compile","line":69,"method":"_compile","native":false},{"column":10,"file":"node:internal/modules/cjs/loader","function":null,"line":1871,"method":null,"native":false},{"column":20,"file":"/tmp/ts-node-dev-hook-39991976097362436.js","function":"require.extensions..jsx.require.extensions..js","line":114,"method":".js","native":false},{"column":20,"file":"/tmp/ts-node-dev-hook-39991976097362436.js","function":"require.extensions.<computed>","line":71,"method":"<computed>","native":false},{"column":13,"file":"/home/zidnae/Dokumen/Code/ramein/ramein-backend/node_modules/ts-node-dev/lib/hook.js","function":"Object.nodeDevHook [as .ts]","line":63,"method":"ts]","native":false},{"column":32,"file":"node:internal/modules/cjs/loader","function":"Module.load","line":1470,"method":"load","native":false},{"column":12,"file":"node:internal/modules/cjs/loader","function":"Module._load","line":1290,"method":"_load","native":false},{"column":14,"file":"node:diagnostics_channel","function":"TracingChannel.traceSync","line":322,"method":"traceSync","native":false},{"column":24,"file":"node:internal/modules/cjs/loader","function":"wrapModuleLoad","line":238,"method":null,"native":false},{"column":12,"file":"node:internal/modules/cjs/loader","function":"Module.require","line":1493,"method":"require","native":false},{"column":16,"file":"node:internal/modules/helpers","function":"require","line":152,"method":null,"native":false}]}
{"date":"Sun Sep 21 2025 14:35:45 GMT+0700 (Western Indonesia Time)","error":{},"exception":true,"level":"error","message":"uncaughtException: argument handler must be a function\nTypeError: argument handler must be a function\n    at Route.<computed> [as post] (/home/zidnae/Dokumen/Code/ramein/ramein-backend/node_modules/router/lib/route.js:228:15)\n    at router.Router.<computed> [as post] (/home/zidnae/Dokumen/Code/ramein/ramein-backend/node_modules/router/index.js:448:19)\n    at Object.<anonymous> (/home/zidnae/Dokumen/Code/ramein/ramein-backend/src/routes/adminRoutes.ts:15:8)\n    at Module.<anonymous> (node:internal/modules/cjs/loader:1738:14)\n    at Module._compile (/home/zidnae/Dokumen/Code/ramein/ramein-backend/node_modules/source-map-support/source-map-support.js:568:25)\n    at Module.m._compile (/tmp/ts-node-dev-hook-39991976097362436.js:69:33)\n    at node:internal/modules/cjs/loader:1871:10\n    at require.extensions..jsx.require.extensions..js (/tmp/ts-node-dev-hook-39991976097362436.js:114:20)\n    at require.extensions.<computed> (/tmp/ts-node-dev-hook-39991976097362436.js:71:20)\n    at Object.nodeDevHook [as .ts] (/home/zidnae/Dokumen/Code/ramein/ramein-backend/node_modules/ts-node-dev/lib/hook.js:63:13)\n    at Module.load (node:internal/modules/cjs/loader:1470:32)\n    at Module._load (node:internal/modules/cjs/loader:1290:12)\n    at TracingChannel.traceSync (node:diagnostics_channel:322:14)\n    at wrapModuleLoad (node:internal/modules/cjs/loader:238:24)\n    at Module.require (node:internal/modules/cjs/loader:1493:12)\n    at require (node:internal/modules/helpers:152:16)","os":{"loadavg":[4.43,2.19,1.39],"uptime":1325.21},"process":{"argv":["/usr/bin/node","src/index.ts"],"cwd":"/home/zidnae/Dokumen/Code/ramein/ramein-backend","execPath":"/usr/bin/node","gid":1000,"memoryUsage":{"arrayBuffers":64291,"external":2847816,"heapTotal":210575360,"heapUsed":84914416,"rss":226959360},"pid":9228,"uid":1000,"version":"v24.7.0"},"service":"ramein-backend","stack":"TypeError: argument handler must be a function\n    at Route.<computed> [as post] (/home/zidnae/Dokumen/Code/ramein/ramein-backend/node_modules/router/lib/route.js:228:15)\n    at router.Router.<computed> [as post] (/home/zidnae/Dokumen/Code/ramein/ramein-backend/node_modules/router/index.js:448:19)\n    at Object.<anonymous> (/home/zidnae/Dokumen/Code/ramein/ramein-backend/src/routes/adminRoutes.ts:15:8)\n    at Module.<anonymous> (node:internal/modules/cjs/loader:1738:14)\n    at Module._compile (/home/zidnae/Dokumen/Code/ramein/ramein-backend/node_modules/source-map-support/source-map-support.js:568:25)\n    at Module.m._compile (/tmp/ts-node-dev-hook-39991976097362436.js:69:33)\n    at node:internal/modules/cjs/loader:1871:10\n    at require.extensions..jsx.require.extensions..js (/tmp/ts-node-dev-hook-39991976097362436.js:114:20)\n    at require.extensions.<computed> (/tmp/ts-node-dev-hook-39991976097362436.js:71:20)\n    at Object.nodeDevHook [as .ts] (/home/zidnae/Dokumen/Code/ramein/ramein-backend/node_modules/ts-node-dev/lib/hook.js:63:13)\n    at Module.load (node:internal/modules/cjs/loader:1470:32)\n    at Module._load (node:internal/modules/cjs/loader:1290:12)\n    at TracingChannel.traceSync (node:diagnostics_channel:322:14)\n    at wrapModuleLoad (node:internal/modules/cjs/loader:238:24)\n    at Module.require (node:internal/modules/cjs/loader:1493:12)\n    at require (node:internal/modules/helpers:152:16)","timestamp":"2025-09-21 14:35:45","trace":[{"column":15,"file":"/home/zidnae/Dokumen/Code/ramein/ramein-backend/node_modules/router/lib/route.js","function":"Route.<computed> [as post]","line":228,"method":"<computed> [as post]","native":false},{"column":19,"file":"/home/zidnae/Dokumen/Code/ramein/ramein-backend/node_modules/router/index.js","function":"router.Router.<computed> [as post]","line":448,"method":"<computed> [as post]","native":false},{"column":8,"file":"/home/zidnae/Dokumen/Code/ramein/ramein-backend/src/routes/adminRoutes.ts","function":null,"line":15,"method":null,"native":false},{"column":14,"file":"node:internal/modules/cjs/loader","function":null,"line":1738,"method":null,"native":false},{"column":25,"file":"/home/zidnae/Dokumen/Code/ramein/ramein-backend/node_modules/source-map-support/source-map-support.js","function":"Module._compile","line":568,"method":"_compile","native":false},{"column":33,"file":"/tmp/ts-node-dev-hook-39991976097362436.js","function":"Module.m._compile","line":69,"method":"_compile","native":false},{"column":10,"file":"node:internal/modules/cjs/loader","function":null,"line":1871,"method":null,"native":false},{"column":20,"file":"/tmp/ts-node-dev-hook-39991976097362436.js","function":"require.extensions..jsx.require.extensions..js","line":114,"method":".js","native":false},{"column":20,"file":"/tmp/ts-node-dev-hook-39991976097362436.js","function":"require.extensions.<computed>","line":71,"method":"<computed>","native":false},{"column":13,"file":"/home/zidnae/Dokumen/Code/ramein/ramein-backend/node_modules/ts-node-dev/lib/hook.js","function":"Object.nodeDevHook [as .ts]","line":63,"method":"ts]","native":false},{"column":32,"file":"node:internal/modules/cjs/loader","function":"Module.load","line":1470,"method":"load","native":false},{"column":12,"file":"node:internal/modules/cjs/loader","function":"Module._load","line":1290,"method":"_load","native":false},{"column":14,"file":"node:diagnostics_channel","function":"TracingChannel.traceSync","line":322,"method":"traceSync","native":false},{"column":24,"file":"node:internal/modules/cjs/loader","function":"wrapModuleLoad","line":238,"method":null,"native":false},{"column":12,"file":"node:internal/modules/cjs/loader","function":"Module.require","line":1493,"method":"require","native":false},{"column":16,"file":"node:internal/modules/helpers","function":"require","line":152,"method":null,"native":false}]}
{"date":"Sun Sep 21 2025 14:35:50 GMT+0700 (Western Indonesia Time)","error":{},"exception":true,"level":"error","message":"uncaughtException: argument handler must be a function\nTypeError: argument handler must be a function\n    at Route.<computed> [as post] (/home/zidnae/Dokumen/Code/ramein/ramein-backend/node_modules/router/lib/route.js:228:15)\n    at router.Router.<computed> [as post] (/home/zidnae/Dokumen/Code/ramein/ramein-backend/node_modules/router/index.js:448:19)\n    at Object.<anonymous> (/home/zidnae/Dokumen/Code/ramein/ramein-backend/src/routes/adminRoutes.ts:15:8)\n    at Module.<anonymous> (node:internal/modules/cjs/loader:1738:14)\n    at Module._compile (/home/zidnae/Dokumen/Code/ramein/ramein-backend/node_modules/source-map-support/source-map-support.js:568:25)\n    at Module.m._compile (/tmp/ts-node-dev-hook-39991976097362436.js:69:33)\n    at node:internal/modules/cjs/loader:1871:10\n    at require.extensions..jsx.require.extensions..js (/tmp/ts-node-dev-hook-39991976097362436.js:114:20)\n    at require.extensions.<computed> (/tmp/ts-node-dev-hook-39991976097362436.js:71:20)\n    at Object.nodeDevHook [as .ts] (/home/zidnae/Dokumen/Code/ramein/ramein-backend/node_modules/ts-node-dev/lib/hook.js:63:13)\n    at Module.load (node:internal/modules/cjs/loader:1470:32)\n    at Module._load (node:internal/modules/cjs/loader:1290:12)\n    at TracingChannel.traceSync (node:diagnostics_channel:322:14)\n    at wrapModuleLoad (node:internal/modules/cjs/loader:238:24)\n    at Module.require (node:internal/modules/cjs/loader:1493:12)\n    at require (node:internal/modules/helpers:152:16)","os":{"loadavg":[4.55,2.25,1.41],"uptime":1330.29},"process":{"argv":["/usr/bin/node","src/index.ts"],"cwd":"/home/zidnae/Dokumen/Code/ramein/ramein-backend","execPath":"/usr/bin/node","gid":1000,"memoryUsage":{"arrayBuffers":64291,"external":2847816,"heapTotal":210837504,"heapUsed":84295304,"rss":225931264},"pid":9255,"uid":1000,"version":"v24.7.0"},"service":"ramein-backend","stack":"TypeError: argument handler must be a function\n    at Route.<computed> [as post] (/home/zidnae/Dokumen/Code/ramein/ramein-backend/node_modules/router/lib/route.js:228:15)\n    at router.Router.<computed> [as post] (/home/zidnae/Dokumen/Code/ramein/ramein-backend/node_modules/router/index.js:448:19)\n    at Object.<anonymous> (/home/zidnae/Dokumen/Code/ramein/ramein-backend/src/routes/adminRoutes.ts:15:8)\n    at Module.<anonymous> (node:internal/modules/cjs/loader:1738:14)\n    at Module._compile (/home/zidnae/Dokumen/Code/ramein/ramein-backend/node_modules/source-map-support/source-map-support.js:568:25)\n    at Module.m._compile (/tmp/ts-node-dev-hook-39991976097362436.js:69:33)\n    at node:internal/modules/cjs/loader:1871:10\n    at require.extensions..jsx.require.extensions..js (/tmp/ts-node-dev-hook-39991976097362436.js:114:20)\n    at require.extensions.<computed> (/tmp/ts-node-dev-hook-39991976097362436.js:71:20)\n    at Object.nodeDevHook [as .ts] (/home/zidnae/Dokumen/Code/ramein/ramein-backend/node_modules/ts-node-dev/lib/hook.js:63:13)\n    at Module.load (node:internal/modules/cjs/loader:1470:32)\n    at Module._load (node:internal/modules/cjs/loader:1290:12)\n    at TracingChannel.traceSync (node:diagnostics_channel:322:14)\n    at wrapModuleLoad (node:internal/modules/cjs/loader:238:24)\n    at Module.require (node:internal/modules/cjs/loader:1493:12)\n    at require (node:internal/modules/helpers:152:16)","timestamp":"2025-09-21 14:35:50","trace":[{"column":15,"file":"/home/zidnae/Dokumen/Code/ramein/ramein-backend/node_modules/router/lib/route.js","function":"Route.<computed> [as post]","line":228,"method":"<computed> [as post]","native":false},{"column":19,"file":"/home/zidnae/Dokumen/Code/ramein/ramein-backend/node_modules/router/index.js","function":"router.Router.<computed> [as post]","line":448,"method":"<computed> [as post]","native":false},{"column":8,"file":"/home/zidnae/Dokumen/Code/ramein/ramein-backend/src/routes/adminRoutes.ts","function":null,"line":15,"method":null,"native":false},{"column":14,"file":"node:internal/modules/cjs/loader","function":null,"line":1738,"method":null,"native":false},{"column":25,"file":"/home/zidnae/Dokumen/Code/ramein/ramein-backend/node_modules/source-map-support/source-map-support.js","function":"Module._compile","line":568,"method":"_compile","native":false},{"column":33,"file":"/tmp/ts-node-dev-hook-39991976097362436.js","function":"Module.m._compile","line":69,"method":"_compile","native":false},{"column":10,"file":"node:internal/modules/cjs/loader","function":null,"line":1871,"method":null,"native":false},{"column":20,"file":"/tmp/ts-node-dev-hook-39991976097362436.js","function":"require.extensions..jsx.require.extensions..js","line":114,"method":".js","native":false},{"column":20,"file":"/tmp/ts-node-dev-hook-39991976097362436.js","function":"require.extensions.<computed>","line":71,"method":"<computed>","native":false},{"column":13,"file":"/home/zidnae/Dokumen/Code/ramein/ramein-backend/node_modules/ts-node-dev/lib/hook.js","function":"Object.nodeDevHook [as .ts]","line":63,"method":"ts]","native":false},{"column":32,"file":"node:internal/modules/cjs/loader","function":"Module.load","line":1470,"method":"load","native":false},{"column":12,"file":"node:internal/modules/cjs/loader","function":"Module._load","line":1290,"method":"_load","native":false},{"column":14,"file":"node:diagnostics_channel","function":"TracingChannel.traceSync","line":322,"method":"traceSync","native":false},{"column":24,"file":"node:internal/modules/cjs/loader","function":"wrapModuleLoad","line":238,"method":null,"native":false},{"column":12,"file":"node:internal/modules/cjs/loader","function":"Module.require","line":1493,"method":"require","native":false},{"column":16,"file":"node:internal/modules/helpers","function":"require","line":152,"method":null,"native":false}]}
{"date":"Sun Sep 21 2025 14:35:55 GMT+0700 (Western Indonesia Time)","error":{},"exception":true,"level":"error","message":"uncaughtException: argument handler must be a function\nTypeError: argument handler must be a function\n    at Route.<computed> [as post] (/home/zidnae/Dokumen/Code/ramein/ramein-backend/node_modules/router/lib/route.js:228:15)\n    at router.Router.<computed> [as post] (/home/zidnae/Dokumen/Code/ramein/ramein-backend/node_modules/router/index.js:448:19)\n    at Object.<anonymous> (/home/zidnae/Dokumen/Code/ramein/ramein-backend/src/routes/adminRoutes.ts:15:8)\n    at Module.<anonymous> (node:internal/modules/cjs/loader:1738:14)\n    at Module._compile (/home/zidnae/Dokumen/Code/ramein/ramein-backend/node_modules/source-map-support/source-map-support.js:568:25)\n    at Module.m._compile (/tmp/ts-node-dev-hook-39991976097362436.js:69:33)\n    at node:internal/modules/cjs/loader:1871:10\n    at require.extensions..jsx.require.extensions..js (/tmp/ts-node-dev-hook-39991976097362436.js:114:20)\n    at require.extensions.<computed> (/tmp/ts-node-dev-hook-39991976097362436.js:71:20)\n    at Object.nodeDevHook [as .ts] (/home/zidnae/Dokumen/Code/ramein/ramein-backend/node_modules/ts-node-dev/lib/hook.js:63:13)\n    at Module.load (node:internal/modules/cjs/loader:1470:32)\n    at Module._load (node:internal/modules/cjs/loader:1290:12)\n    at TracingChannel.traceSync (node:diagnostics_channel:322:14)\n    at wrapModuleLoad (node:internal/modules/cjs/loader:238:24)\n    at Module.require (node:internal/modules/cjs/loader:1493:12)\n    at require (node:internal/modules/helpers:152:16)","os":{"loadavg":[4.43,2.27,1.42],"uptime":1334.77},"process":{"argv":["/usr/bin/node","src/index.ts"],"cwd":"/home/zidnae/Dokumen/Code/ramein/ramein-backend","execPath":"/usr/bin/node","gid":1000,"memoryUsage":{"arrayBuffers":64291,"external":2847816,"heapTotal":210575360,"heapUsed":84613480,"rss":226398208},"pid":9336,"uid":1000,"version":"v24.7.0"},"service":"ramein-backend","stack":"TypeError: argument handler must be a function\n    at Route.<computed> [as post] (/home/zidnae/Dokumen/Code/ramein/ramein-backend/node_modules/router/lib/route.js:228:15)\n    at router.Router.<computed> [as post] (/home/zidnae/Dokumen/Code/ramein/ramein-backend/node_modules/router/index.js:448:19)\n    at Object.<anonymous> (/home/zidnae/Dokumen/Code/ramein/ramein-backend/src/routes/adminRoutes.ts:15:8)\n    at Module.<anonymous> (node:internal/modules/cjs/loader:1738:14)\n    at Module._compile (/home/zidnae/Dokumen/Code/ramein/ramein-backend/node_modules/source-map-support/source-map-support.js:568:25)\n    at Module.m._compile (/tmp/ts-node-dev-hook-39991976097362436.js:69:33)\n    at node:internal/modules/cjs/loader:1871:10\n    at require.extensions..jsx.require.extensions..js (/tmp/ts-node-dev-hook-39991976097362436.js:114:20)\n    at require.extensions.<computed> (/tmp/ts-node-dev-hook-39991976097362436.js:71:20)\n    at Object.nodeDevHook [as .ts] (/home/zidnae/Dokumen/Code/ramein/ramein-backend/node_modules/ts-node-dev/lib/hook.js:63:13)\n    at Module.load (node:internal/modules/cjs/loader:1470:32)\n    at Module._load (node:internal/modules/cjs/loader:1290:12)\n    at TracingChannel.traceSync (node:diagnostics_channel:322:14)\n    at wrapModuleLoad (node:internal/modules/cjs/loader:238:24)\n    at Module.require (node:internal/modules/cjs/loader:1493:12)\n    at require (node:internal/modules/helpers:152:16)","timestamp":"2025-09-21 14:35:55","trace":[{"column":15,"file":"/home/zidnae/Dokumen/Code/ramein/ramein-backend/node_modules/router/lib/route.js","function":"Route.<computed> [as post]","line":228,"method":"<computed> [as post]","native":false},{"column":19,"file":"/home/zidnae/Dokumen/Code/ramein/ramein-backend/node_modules/router/index.js","function":"router.Router.<computed> [as post]","line":448,"method":"<computed> [as post]","native":false},{"column":8,"file":"/home/zidnae/Dokumen/Code/ramein/ramein-backend/src/routes/adminRoutes.ts","function":null,"line":15,"method":null,"native":false},{"column":14,"file":"node:internal/modules/cjs/loader","function":null,"line":1738,"method":null,"native":false},{"column":25,"file":"/home/zidnae/Dokumen/Code/ramein/ramein-backend/node_modules/source-map-support/source-map-support.js","function":"Module._compile","line":568,"method":"_compile","native":false},{"column":33,"file":"/tmp/ts-node-dev-hook-39991976097362436.js","function":"Module.m._compile","line":69,"method":"_compile","native":false},{"column":10,"file":"node:internal/modules/cjs/loader","function":null,"line":1871,"method":null,"native":false},{"column":20,"file":"/tmp/ts-node-dev-hook-39991976097362436.js","function":"require.extensions..jsx.require.extensions..js","line":114,"method":".js","native":false},{"column":20,"file":"/tmp/ts-node-dev-hook-39991976097362436.js","function":"require.extensions.<computed>","line":71,"method":"<computed>","native":false},{"column":13,"file":"/home/zidnae/Dokumen/Code/ramein/ramein-backend/node_modules/ts-node-dev/lib/hook.js","function":"Object.nodeDevHook [as .ts]","line":63,"method":"ts]","native":false},{"column":32,"file":"node:internal/modules/cjs/loader","function":"Module.load","line":1470,"method":"load","native":false},{"column":12,"file":"node:internal/modules/cjs/loader","function":"Module._load","line":1290,"method":"_load","native":false},{"column":14,"file":"node:diagnostics_channel","function":"TracingChannel.traceSync","line":322,"method":"traceSync","native":false},{"column":24,"file":"node:internal/modules/cjs/loader","function":"wrapModuleLoad","line":238,"method":null,"native":false},{"column":12,"file":"node:internal/modules/cjs/loader","function":"Module.require","line":1493,"method":"require","native":false},{"column":16,"file":"node:internal/modules/helpers","function":"require","line":152,"method":null,"native":false}]}
{"date":"Sun Sep 21 2025 14:35:59 GMT+0700 (Western Indonesia Time)","error":{},"exception":true,"level":"error","message":"uncaughtException: argument handler must be a function\nTypeError: argument handler must be a function\n    at Route.<computed> [as post] (/home/zidnae/Dokumen/Code/ramein/ramein-backend/node_modules/router/lib/route.js:228:15)\n    at router.Router.<computed> [as post] (/home/zidnae/Dokumen/Code/ramein/ramein-backend/node_modules/router/index.js:448:19)\n    at Object.<anonymous> (/home/zidnae/Dokumen/Code/ramein/ramein-backend/src/routes/adminRoutes.ts:15:8)\n    at Module.<anonymous> (node:internal/modules/cjs/loader:1738:14)\n    at Module._compile (/home/zidnae/Dokumen/Code/ramein/ramein-backend/node_modules/source-map-support/source-map-support.js:568:25)\n    at Module.m._compile (/tmp/ts-node-dev-hook-39991976097362436.js:69:33)\n    at node:internal/modules/cjs/loader:1871:10\n    at require.extensions..jsx.require.extensions..js (/tmp/ts-node-dev-hook-39991976097362436.js:114:20)\n    at require.extensions.<computed> (/tmp/ts-node-dev-hook-39991976097362436.js:71:20)\n    at Object.nodeDevHook [as .ts] (/home/zidnae/Dokumen/Code/ramein/ramein-backend/node_modules/ts-node-dev/lib/hook.js:63:13)\n    at Module.load (node:internal/modules/cjs/loader:1470:32)\n    at Module._load (node:internal/modules/cjs/loader:1290:12)\n    at TracingChannel.traceSync (node:diagnostics_channel:322:14)\n    at wrapModuleLoad (node:internal/modules/cjs/loader:238:24)\n    at Module.require (node:internal/modules/cjs/loader:1493:12)\n    at require (node:internal/modules/helpers:152:16)","os":{"loadavg":[4.64,2.35,1.45],"uptime":1338.64},"process":{"argv":["/usr/bin/node","src/index.ts"],"cwd":"/home/zidnae/Dokumen/Code/ramein/ramein-backend","execPath":"/usr/bin/node","gid":1000,"memoryUsage":{"arrayBuffers":64291,"external":2847816,"heapTotal":210837504,"heapUsed":86329400,"rss":226578432},"pid":9387,"uid":1000,"version":"v24.7.0"},"service":"ramein-backend","stack":"TypeError: argument handler must be a function\n    at Route.<computed> [as post] (/home/zidnae/Dokumen/Code/ramein/ramein-backend/node_modules/router/lib/route.js:228:15)\n    at router.Router.<computed> [as post] (/home/zidnae/Dokumen/Code/ramein/ramein-backend/node_modules/router/index.js:448:19)\n    at Object.<anonymous> (/home/zidnae/Dokumen/Code/ramein/ramein-backend/src/routes/adminRoutes.ts:15:8)\n    at Module.<anonymous> (node:internal/modules/cjs/loader:1738:14)\n    at Module._compile (/home/zidnae/Dokumen/Code/ramein/ramein-backend/node_modules/source-map-support/source-map-support.js:568:25)\n    at Module.m._compile (/tmp/ts-node-dev-hook-39991976097362436.js:69:33)\n    at node:internal/modules/cjs/loader:1871:10\n    at require.extensions..jsx.require.extensions..js (/tmp/ts-node-dev-hook-39991976097362436.js:114:20)\n    at require.extensions.<computed> (/tmp/ts-node-dev-hook-39991976097362436.js:71:20)\n    at Object.nodeDevHook [as .ts] (/home/zidnae/Dokumen/Code/ramein/ramein-backend/node_modules/ts-node-dev/lib/hook.js:63:13)\n    at Module.load (node:internal/modules/cjs/loader:1470:32)\n    at Module._load (node:internal/modules/cjs/loader:1290:12)\n    at TracingChannel.traceSync (node:diagnostics_channel:322:14)\n    at wrapModuleLoad (node:internal/modules/cjs/loader:238:24)\n    at Module.require (node:internal/modules/cjs/loader:1493:12)\n    at require (node:internal/modules/helpers:152:16)","timestamp":"2025-09-21 14:35:59","trace":[{"column":15,"file":"/home/zidnae/Dokumen/Code/ramein/ramein-backend/node_modules/router/lib/route.js","function":"Route.<computed> [as post]","line":228,"method":"<computed> [as post]","native":false},{"column":19,"file":"/home/zidnae/Dokumen/Code/ramein/ramein-backend/node_modules/router/index.js","function":"router.Router.<computed> [as post]","line":448,"method":"<computed> [as post]","native":false},{"column":8,"file":"/home/zidnae/Dokumen/Code/ramein/ramein-backend/src/routes/adminRoutes.ts","function":null,"line":15,"method":null,"native":false},{"column":14,"file":"node:internal/modules/cjs/loader","function":null,"line":1738,"method":null,"native":false},{"column":25,"file":"/home/zidnae/Dokumen/Code/ramein/ramein-backend/node_modules/source-map-support/source-map-support.js","function":"Module._compile","line":568,"method":"_compile","native":false},{"column":33,"file":"/tmp/ts-node-dev-hook-39991976097362436.js","function":"Module.m._compile","line":69,"method":"_compile","native":false},{"column":10,"file":"node:internal/modules/cjs/loader","function":null,"line":1871,"method":null,"native":false},{"column":20,"file":"/tmp/ts-node-dev-hook-39991976097362436.js","function":"require.extensions..jsx.require.extensions..js","line":114,"method":".js","native":false},{"column":20,"file":"/tmp/ts-node-dev-hook-39991976097362436.js","function":"require.extensions.<computed>","line":71,"method":"<computed>","native":false},{"column":13,"file":"/home/zidnae/Dokumen/Code/ramein/ramein-backend/node_modules/ts-node-dev/lib/hook.js","function":"Object.nodeDevHook [as .ts]","line":63,"method":"ts]","native":false},{"column":32,"file":"node:internal/modules/cjs/loader","function":"Module.load","line":1470,"method":"load","native":false},{"column":12,"file":"node:internal/modules/cjs/loader","function":"Module._load","line":1290,"method":"_load","native":false},{"column":14,"file":"node:diagnostics_channel","function":"TracingChannel.traceSync","line":322,"method":"traceSync","native":false},{"column":24,"file":"node:internal/modules/cjs/loader","function":"wrapModuleLoad","line":238,"method":null,"native":false},{"column":12,"file":"node:internal/modules/cjs/loader","function":"Module.require","line":1493,"method":"require","native":false},{"column":16,"file":"node:internal/modules/helpers","function":"require","line":152,"method":null,"native":false}]}
{"date":"Sun Sep 21 2025 23:16:09 GMT+0700 (Western Indonesia Time)","error":{},"exception":true,"level":"error","message":"uncaughtException:  Unable to compile TypeScript:\nsrc/controllers/AdminController.ts(50,17): error TS1128: Declaration or statement expected.\n\nError:  Unable to compile TypeScript:\nsrc/controllers/AdminController.ts(50,17): error TS1128: Declaration or statement expected.\n\n    at Object.<anonymous> (/home/zidnae/Dokumen/Code/ramein/ramein-backend/src/controllers/AdminController.ts:1:7)\n    at Module.<anonymous> (node:internal/modules/cjs/loader:1738:14)\n    at Module._compile (/home/zidnae/Dokumen/Code/ramein/ramein-backend/node_modules/source-map-support/source-map-support.js:568:25)\n    at Module.m._compile (/tmp/ts-node-dev-hook-019834975656681242.js:69:33)\n    at node:internal/modules/cjs/loader:1871:10\n    at require.extensions..jsx.require.extensions..js (/tmp/ts-node-dev-hook-019834975656681242.js:114:20)\n    at require.extensions.<computed> (/tmp/ts-node-dev-hook-019834975656681242.js:71:20)\n    at Object.nodeDevHook [as .ts] (/home/zidnae/Dokumen/Code/ramein/ramein-backend/node_modules/ts-node-dev/lib/hook.js:63:13)\n    at Module.load (node:internal/modules/cjs/loader:1470:32)\n    at Module._load (node:internal/modules/cjs/loader:1290:12)\n    at TracingChannel.traceSync (node:diagnostics_channel:322:14)\n    at wrapModuleLoad (node:internal/modules/cjs/loader:238:24)\n    at Module.require (node:internal/modules/cjs/loader:1493:12)\n    at require (node:internal/modules/helpers:152:16)\n    at Object.<anonymous> (/home/zidnae/Dokumen/Code/ramein/ramein-backend/src/routes/adminRoutes.ts:2:1)\n    at Module.<anonymous> (node:internal/modules/cjs/loader:1738:14)","os":{"loadavg":[2.91,2.08,1.53],"uptime":32549.16},"process":{"argv":["/usr/bin/node","src/index.ts"],"cwd":"/home/zidnae/Dokumen/Code/ramein/ramein-backend","execPath":"/usr/bin/node","gid":1000,"memoryUsage":{"arrayBuffers":64291,"external":2847816,"heapTotal":210575360,"heapUsed":84345400,"rss":219996160},"pid":71668,"uid":1000,"version":"v24.7.0"},"service":"ramein-backend","stack":"Error:  Unable to compile TypeScript:\nsrc/controllers/AdminController.ts(50,17): error TS1128: Declaration or statement expected.\n\n    at Object.<anonymous> (/home/zidnae/Dokumen/Code/ramein/ramein-backend/src/controllers/AdminController.ts:1:7)\n    at Module.<anonymous> (node:internal/modules/cjs/loader:1738:14)\n    at Module._compile (/home/zidnae/Dokumen/Code/ramein/ramein-backend/node_modules/source-map-support/source-map-support.js:568:25)\n    at Module.m._compile (/tmp/ts-node-dev-hook-019834975656681242.js:69:33)\n    at node:internal/modules/cjs/loader:1871:10\n    at require.extensions..jsx.require.extensions..js (/tmp/ts-node-dev-hook-019834975656681242.js:114:20)\n    at require.extensions.<computed> (/tmp/ts-node-dev-hook-019834975656681242.js:71:20)\n    at Object.nodeDevHook [as .ts] (/home/zidnae/Dokumen/Code/ramein/ramein-backend/node_modules/ts-node-dev/lib/hook.js:63:13)\n    at Module.load (node:internal/modules/cjs/loader:1470:32)\n    at Module._load (node:internal/modules/cjs/loader:1290:12)\n    at TracingChannel.traceSync (node:diagnostics_channel:322:14)\n    at wrapModuleLoad (node:internal/modules/cjs/loader:238:24)\n    at Module.require (node:internal/modules/cjs/loader:1493:12)\n    at require (node:internal/modules/helpers:152:16)\n    at Object.<anonymous> (/home/zidnae/Dokumen/Code/ramein/ramein-backend/src/routes/adminRoutes.ts:2:1)\n    at Module.<anonymous> (node:internal/modules/cjs/loader:1738:14)","timestamp":"2025-09-21 23:16:09","trace":[{"column":7,"file":"/home/zidnae/Dokumen/Code/ramein/ramein-backend/src/controllers/AdminController.ts","function":null,"line":1,"method":null,"native":false},{"column":14,"file":"node:internal/modules/cjs/loader","function":null,"line":1738,"method":null,"native":false},{"column":25,"file":"/home/zidnae/Dokumen/Code/ramein/ramein-backend/node_modules/source-map-support/source-map-support.js","function":"Module._compile","line":568,"method":"_compile","native":false},{"column":33,"file":"/tmp/ts-node-dev-hook-019834975656681242.js","function":"Module.m._compile","line":69,"method":"_compile","native":false},{"column":10,"file":"node:internal/modules/cjs/loader","function":null,"line":1871,"method":null,"native":false},{"column":20,"file":"/tmp/ts-node-dev-hook-019834975656681242.js","function":"require.extensions..jsx.require.extensions..js","line":114,"method":".js","native":false},{"column":20,"file":"/tmp/ts-node-dev-hook-019834975656681242.js","function":"require.extensions.<computed>","line":71,"method":"<computed>","native":false},{"column":13,"file":"/home/zidnae/Dokumen/Code/ramein/ramein-backend/node_modules/ts-node-dev/lib/hook.js","function":"Object.nodeDevHook [as .ts]","line":63,"method":"ts]","native":false},{"column":32,"file":"node:internal/modules/cjs/loader","function":"Module.load","line":1470,"method":"load","native":false},{"column":12,"file":"node:internal/modules/cjs/loader","function":"Module._load","line":1290,"method":"_load","native":false},{"column":14,"file":"node:diagnostics_channel","function":"TracingChannel.traceSync","line":322,"method":"traceSync","native":false},{"column":24,"file":"node:internal/modules/cjs/loader","function":"wrapModuleLoad","line":238,"method":null,"native":false},{"column":12,"file":"node:internal/modules/cjs/loader","function":"Module.require","line":1493,"method":"require","native":false},{"column":16,"file":"node:internal/modules/helpers","function":"require","line":152,"method":null,"native":false},{"column":1,"file":"/home/zidnae/Dokumen/Code/ramein/ramein-backend/src/routes/adminRoutes.ts","function":null,"line":2,"method":null,"native":false},{"column":14,"file":"node:internal/modules/cjs/loader","function":null,"line":1738,"method":null,"native":false}]}
{"date":"Sun Sep 21 2025 23:24:34 GMT+0700 (Western Indonesia Time)","error":{},"exception":true,"level":"error","message":"uncaughtException:  Unable to compile TypeScript:\nsrc/middlewares/sessionTimeout.ts(47,11): error TS1472: 'catch' or 'finally' expected.\nsrc/middlewares/sessionTimeout.ts(58,7): error TS1005: ',' expected.\nsrc/middlewares/sessionTimeout.ts(62,1): error TS1128: Declaration or statement expected.\n\nError:  Unable to compile TypeScript:\nsrc/middlewares/sessionTimeout.ts(47,11): error TS1472: 'catch' or 'finally' expected.\nsrc/middlewares/sessionTimeout.ts(58,7): error TS1005: ',' expected.\nsrc/middlewares/sessionTimeout.ts(62,1): error TS1128: Declaration or statement expected.\n\n    at Object.<anonymous> (/home/zidnae/Dokumen/Code/ramein/ramein-backend/src/middlewares/sessionTimeout.ts:1:7)\n    at Module.<anonymous> (node:internal/modules/cjs/loader:1738:14)\n    at Module._compile (/home/zidnae/Dokumen/Code/ramein/ramein-backend/node_modules/source-map-support/source-map-support.js:568:25)\n    at Module.m._compile (/tmp/ts-node-dev-hook-019834975656681242.js:69:33)\n    at node:internal/modules/cjs/loader:1871:10\n    at require.extensions..jsx.require.extensions..js (/tmp/ts-node-dev-hook-019834975656681242.js:114:20)\n    at require.extensions.<computed> (/tmp/ts-node-dev-hook-019834975656681242.js:71:20)\n    at Object.nodeDevHook [as .ts] (/home/zidnae/Dokumen/Code/ramein/ramein-backend/node_modules/ts-node-dev/lib/hook.js:63:13)\n    at Module.load (node:internal/modules/cjs/loader:1470:32)\n    at Module._load (node:internal/modules/cjs/loader:1290:12)\n    at TracingChannel.traceSync (node:diagnostics_channel:322:14)\n    at wrapModuleLoad (node:internal/modules/cjs/loader:238:24)\n    at Module.require (node:internal/modules/cjs/loader:1493:12)\n    at require (node:internal/modules/helpers:152:16)\n    at Object.<anonymous> (/home/zidnae/Dokumen/Code/ramein/ramein-backend/src/app.ts:21:1)\n    at Module.<anonymous> (node:internal/modules/cjs/loader:1738:14)","os":{"loadavg":[1.28,1.59,1.59],"uptime":33053.49},"process":{"argv":["/usr/bin/node","src/index.ts"],"cwd":"/home/zidnae/Dokumen/Code/ramein/ramein-backend","execPath":"/usr/bin/node","gid":1000,"memoryUsage":{"arrayBuffers":62244,"external":2845769,"heapTotal":212692992,"heapUsed":92492112,"rss":222269440},"pid":73554,"uid":1000,"version":"v24.7.0"},"service":"ramein-backend","stack":"Error:  Unable to compile TypeScript:\nsrc/middlewares/sessionTimeout.ts(47,11): error TS1472: 'catch' or 'finally' expected.\nsrc/middlewares/sessionTimeout.ts(58,7): error TS1005: ',' expected.\nsrc/middlewares/sessionTimeout.ts(62,1): error TS1128: Declaration or statement expected.\n\n    at Object.<anonymous> (/home/zidnae/Dokumen/Code/ramein/ramein-backend/src/middlewares/sessionTimeout.ts:1:7)\n    at Module.<anonymous> (node:internal/modules/cjs/loader:1738:14)\n    at Module._compile (/home/zidnae/Dokumen/Code/ramein/ramein-backend/node_modules/source-map-support/source-map-support.js:568:25)\n    at Module.m._compile (/tmp/ts-node-dev-hook-019834975656681242.js:69:33)\n    at node:internal/modules/cjs/loader:1871:10\n    at require.extensions..jsx.require.extensions..js (/tmp/ts-node-dev-hook-019834975656681242.js:114:20)\n    at require.extensions.<computed> (/tmp/ts-node-dev-hook-019834975656681242.js:71:20)\n    at Object.nodeDevHook [as .ts] (/home/zidnae/Dokumen/Code/ramein/ramein-backend/node_modules/ts-node-dev/lib/hook.js:63:13)\n    at Module.load (node:internal/modules/cjs/loader:1470:32)\n    at Module._load (node:internal/modules/cjs/loader:1290:12)\n    at TracingChannel.traceSync (node:diagnostics_channel:322:14)\n    at wrapModuleLoad (node:internal/modules/cjs/loader:238:24)\n    at Module.require (node:internal/modules/cjs/loader:1493:12)\n    at require (node:internal/modules/helpers:152:16)\n    at Object.<anonymous> (/home/zidnae/Dokumen/Code/ramein/ramein-backend/src/app.ts:21:1)\n    at Module.<anonymous> (node:internal/modules/cjs/loader:1738:14)","timestamp":"2025-09-21 23:24:34","trace":[{"column":7,"file":"/home/zidnae/Dokumen/Code/ramein/ramein-backend/src/middlewares/sessionTimeout.ts","function":null,"line":1,"method":null,"native":false},{"column":14,"file":"node:internal/modules/cjs/loader","function":null,"line":1738,"method":null,"native":false},{"column":25,"file":"/home/zidnae/Dokumen/Code/ramein/ramein-backend/node_modules/source-map-support/source-map-support.js","function":"Module._compile","line":568,"method":"_compile","native":false},{"column":33,"file":"/tmp/ts-node-dev-hook-019834975656681242.js","function":"Module.m._compile","line":69,"method":"_compile","native":false},{"column":10,"file":"node:internal/modules/cjs/loader","function":null,"line":1871,"method":null,"native":false},{"column":20,"file":"/tmp/ts-node-dev-hook-019834975656681242.js","function":"require.extensions..jsx.require.extensions..js","line":114,"method":".js","native":false},{"column":20,"file":"/tmp/ts-node-dev-hook-019834975656681242.js","function":"require.extensions.<computed>","line":71,"method":"<computed>","native":false},{"column":13,"file":"/home/zidnae/Dokumen/Code/ramein/ramein-backend/node_modules/ts-node-dev/lib/hook.js","function":"Object.nodeDevHook [as .ts]","line":63,"method":"ts]","native":false},{"column":32,"file":"node:internal/modules/cjs/loader","function":"Module.load","line":1470,"method":"load","native":false},{"column":12,"file":"node:internal/modules/cjs/loader","function":"Module._load","line":1290,"method":"_load","native":false},{"column":14,"file":"node:diagnostics_channel","function":"TracingChannel.traceSync","line":322,"method":"traceSync","native":false},{"column":24,"file":"node:internal/modules/cjs/loader","function":"wrapModuleLoad","line":238,"method":null,"native":false},{"column":12,"file":"node:internal/modules/cjs/loader","function":"Module.require","line":1493,"method":"require","native":false},{"column":16,"file":"node:internal/modules/helpers","function":"require","line":152,"method":null,"native":false},{"column":1,"file":"/home/zidnae/Dokumen/Code/ramein/ramein-backend/src/app.ts","function":null,"line":21,"method":null,"native":false},{"column":14,"file":"node:internal/modules/cjs/loader","function":null,"line":1738,"method":null,"native":false}]}
{"date":"Sun Sep 21 2025 23:25:40 GMT+0700 (Western Indonesia Time)","error":{},"exception":true,"level":"error","message":"uncaughtException:  Unable to compile TypeScript:\nsrc/middlewares/sessionTimeout.ts(90,1): error TS1128: Declaration or statement expected.\nsrc/middlewares/sessionTimeout.ts(90,2): error TS1128: Declaration or statement expected.\nsrc/middlewares/sessionTimeout.ts(90,13): error TS1005: ';' expected.\n\nError:  Unable to compile TypeScript:\nsrc/middlewares/sessionTimeout.ts(90,1): error TS1128: Declaration or statement expected.\nsrc/middlewares/sessionTimeout.ts(90,2): error TS1128: Declaration or statement expected.\nsrc/middlewares/sessionTimeout.ts(90,13): error TS1005: ';' expected.\n\n    at Object.<anonymous> (/home/zidnae/Dokumen/Code/ramein/ramein-backend/src/middlewares/sessionTimeout.ts:1:7)\n    at Module.<anonymous> (node:internal/modules/cjs/loader:1738:14)\n    at Module._compile (/home/zidnae/Dokumen/Code/ramein/ramein-backend/node_modules/source-map-support/source-map-support.js:568:25)\n    at Module.m._compile (/tmp/ts-node-dev-hook-019834975656681242.js:69:33)\n    at node:internal/modules/cjs/loader:1871:10\n    at require.extensions..jsx.require.extensions..js (/tmp/ts-node-dev-hook-019834975656681242.js:114:20)\n    at require.extensions.<computed> (/tmp/ts-node-dev-hook-019834975656681242.js:71:20)\n    at Object.nodeDevHook [as .ts] (/home/zidnae/Dokumen/Code/ramein/ramein-backend/node_modules/ts-node-dev/lib/hook.js:63:13)\n    at Module.load (node:internal/modules/cjs/loader:1470:32)\n    at Module._load (node:internal/modules/cjs/loader:1290:12)\n    at TracingChannel.traceSync (node:diagnostics_channel:322:14)\n    at wrapModuleLoad (node:internal/modules/cjs/loader:238:24)\n    at Module.require (node:internal/modules/cjs/loader:1493:12)\n    at require (node:internal/modules/helpers:152:16)\n    at Object.<anonymous> (/home/zidnae/Dokumen/Code/ramein/ramein-backend/src/app.ts:21:1)\n    at Module.<anonymous> (node:internal/modules/cjs/loader:1738:14)","os":{"loadavg":[1.79,1.69,1.62],"uptime":33119.98},"process":{"argv":["/usr/bin/node","src/index.ts"],"cwd":"/home/zidnae/Dokumen/Code/ramein/ramein-backend","execPath":"/usr/bin/node","gid":1000,"memoryUsage":{"arrayBuffers":62244,"external":2845769,"heapTotal":212692992,"heapUsed":92634000,"rss":222773248},"pid":73651,"uid":1000,"version":"v24.7.0"},"service":"ramein-backend","stack":"Error:  Unable to compile TypeScript:\nsrc/middlewares/sessionTimeout.ts(90,1): error TS1128: Declaration or statement expected.\nsrc/middlewares/sessionTimeout.ts(90,2): error TS1128: Declaration or statement expected.\nsrc/middlewares/sessionTimeout.ts(90,13): error TS1005: ';' expected.\n\n    at Object.<anonymous> (/home/zidnae/Dokumen/Code/ramein/ramein-backend/src/middlewares/sessionTimeout.ts:1:7)\n    at Module.<anonymous> (node:internal/modules/cjs/loader:1738:14)\n    at Module._compile (/home/zidnae/Dokumen/Code/ramein/ramein-backend/node_modules/source-map-support/source-map-support.js:568:25)\n    at Module.m._compile (/tmp/ts-node-dev-hook-019834975656681242.js:69:33)\n    at node:internal/modules/cjs/loader:1871:10\n    at require.extensions..jsx.require.extensions..js (/tmp/ts-node-dev-hook-019834975656681242.js:114:20)\n    at require.extensions.<computed> (/tmp/ts-node-dev-hook-019834975656681242.js:71:20)\n    at Object.nodeDevHook [as .ts] (/home/zidnae/Dokumen/Code/ramein/ramein-backend/node_modules/ts-node-dev/lib/hook.js:63:13)\n    at Module.load (node:internal/modules/cjs/loader:1470:32)\n    at Module._load (node:internal/modules/cjs/loader:1290:12)\n    at TracingChannel.traceSync (node:diagnostics_channel:322:14)\n    at wrapModuleLoad (node:internal/modules/cjs/loader:238:24)\n    at Module.require (node:internal/modules/cjs/loader:1493:12)\n    at require (node:internal/modules/helpers:152:16)\n    at Object.<anonymous> (/home/zidnae/Dokumen/Code/ramein/ramein-backend/src/app.ts:21:1)\n    at Module.<anonymous> (node:internal/modules/cjs/loader:1738:14)","timestamp":"2025-09-21 23:25:40","trace":[{"column":7,"file":"/home/zidnae/Dokumen/Code/ramein/ramein-backend/src/middlewares/sessionTimeout.ts","function":null,"line":1,"method":null,"native":false},{"column":14,"file":"node:internal/modules/cjs/loader","function":null,"line":1738,"method":null,"native":false},{"column":25,"file":"/home/zidnae/Dokumen/Code/ramein/ramein-backend/node_modules/source-map-support/source-map-support.js","function":"Module._compile","line":568,"method":"_compile","native":false},{"column":33,"file":"/tmp/ts-node-dev-hook-019834975656681242.js","function":"Module.m._compile","line":69,"method":"_compile","native":false},{"column":10,"file":"node:internal/modules/cjs/loader","function":null,"line":1871,"method":null,"native":false},{"column":20,"file":"/tmp/ts-node-dev-hook-019834975656681242.js","function":"require.extensions..jsx.require.extensions..js","line":114,"method":".js","native":false},{"column":20,"file":"/tmp/ts-node-dev-hook-019834975656681242.js","function":"require.extensions.<computed>","line":71,"method":"<computed>","native":false},{"column":13,"file":"/home/zidnae/Dokumen/Code/ramein/ramein-backend/node_modules/ts-node-dev/lib/hook.js","function":"Object.nodeDevHook [as .ts]","line":63,"method":"ts]","native":false},{"column":32,"file":"node:internal/modules/cjs/loader","function":"Module.load","line":1470,"method":"load","native":false},{"column":12,"file":"node:internal/modules/cjs/loader","function":"Module._load","line":1290,"method":"_load","native":false},{"column":14,"file":"node:diagnostics_channel","function":"TracingChannel.traceSync","line":322,"method":"traceSync","native":false},{"column":24,"file":"node:internal/modules/cjs/loader","function":"wrapModuleLoad","line":238,"method":null,"native":false},{"column":12,"file":"node:internal/modules/cjs/loader","function":"Module.require","line":1493,"method":"require","native":false},{"column":16,"file":"node:internal/modules/helpers","function":"require","line":152,"method":null,"native":false},{"column":1,"file":"/home/zidnae/Dokumen/Code/ramein/ramein-backend/src/app.ts","function":null,"line":21,"method":null,"native":false},{"column":14,"file":"node:internal/modules/cjs/loader","function":null,"line":1738,"method":null,"native":false}]}
{"date":"Sun Sep 21 2025 23:26:47 GMT+0700 (Western Indonesia Time)","error":{},"exception":true,"level":"error","message":"uncaughtException:  Unable to compile TypeScript:\nsrc/middlewares/sessionTimeout.ts(90,1): error TS1128: Declaration or statement expected.\nsrc/middlewares/sessionTimeout.ts(90,2): error TS1128: Declaration or statement expected.\nsrc/middlewares/sessionTimeout.ts(90,13): error TS1005: ';' expected.\n\nError:  Unable to compile TypeScript:\nsrc/middlewares/sessionTimeout.ts(90,1): error TS1128: Declaration or statement expected.\nsrc/middlewares/sessionTimeout.ts(90,2): error TS1128: Declaration or statement expected.\nsrc/middlewares/sessionTimeout.ts(90,13): error TS1005: ';' expected.\n\n    at Object.<anonymous> (/home/zidnae/Dokumen/Code/ramein/ramein-backend/src/middlewares/sessionTimeout.ts:1:7)\n    at Module.<anonymous> (node:internal/modules/cjs/loader:1738:14)\n    at Module._compile (/home/zidnae/Dokumen/Code/ramein/ramein-backend/node_modules/source-map-support/source-map-support.js:568:25)\n    at Module.m._compile (/tmp/ts-node-dev-hook-019834975656681242.js:69:33)\n    at node:internal/modules/cjs/loader:1871:10\n    at require.extensions..jsx.require.extensions..js (/tmp/ts-node-dev-hook-019834975656681242.js:114:20)\n    at require.extensions.<computed> (/tmp/ts-node-dev-hook-019834975656681242.js:71:20)\n    at Object.nodeDevHook [as .ts] (/home/zidnae/Dokumen/Code/ramein/ramein-backend/node_modules/ts-node-dev/lib/hook.js:63:13)\n    at Module.load (node:internal/modules/cjs/loader:1470:32)\n    at Module._load (node:internal/modules/cjs/loader:1290:12)\n    at TracingChannel.traceSync (node:diagnostics_channel:322:14)\n    at wrapModuleLoad (node:internal/modules/cjs/loader:238:24)\n    at Module.require (node:internal/modules/cjs/loader:1493:12)\n    at require (node:internal/modules/helpers:152:16)\n    at Object.<anonymous> (/home/zidnae/Dokumen/Code/ramein/ramein-backend/src/app.ts:21:1)\n    at Module.<anonymous> (node:internal/modules/cjs/loader:1738:14)","os":{"loadavg":[2.1,1.8,1.67],"uptime":33186.68},"process":{"argv":["/usr/bin/node","src/index.ts"],"cwd":"/home/zidnae/Dokumen/Code/ramein/ramein-backend","execPath":"/usr/bin/node","gid":1000,"memoryUsage":{"arrayBuffers":62244,"external":2845769,"heapTotal":212430848,"heapUsed":92628192,"rss":222568448},"pid":73757,"uid":1000,"version":"v24.7.0"},"service":"ramein-backend","stack":"Error:  Unable to compile TypeScript:\nsrc/middlewares/sessionTimeout.ts(90,1): error TS1128: Declaration or statement expected.\nsrc/middlewares/sessionTimeout.ts(90,2): error TS1128: Declaration or statement expected.\nsrc/middlewares/sessionTimeout.ts(90,13): error TS1005: ';' expected.\n\n    at Object.<anonymous> (/home/zidnae/Dokumen/Code/ramein/ramein-backend/src/middlewares/sessionTimeout.ts:1:7)\n    at Module.<anonymous> (node:internal/modules/cjs/loader:1738:14)\n    at Module._compile (/home/zidnae/Dokumen/Code/ramein/ramein-backend/node_modules/source-map-support/source-map-support.js:568:25)\n    at Module.m._compile (/tmp/ts-node-dev-hook-019834975656681242.js:69:33)\n    at node:internal/modules/cjs/loader:1871:10\n    at require.extensions..jsx.require.extensions..js (/tmp/ts-node-dev-hook-019834975656681242.js:114:20)\n    at require.extensions.<computed> (/tmp/ts-node-dev-hook-019834975656681242.js:71:20)\n    at Object.nodeDevHook [as .ts] (/home/zidnae/Dokumen/Code/ramein/ramein-backend/node_modules/ts-node-dev/lib/hook.js:63:13)\n    at Module.load (node:internal/modules/cjs/loader:1470:32)\n    at Module._load (node:internal/modules/cjs/loader:1290:12)\n    at TracingChannel.traceSync (node:diagnostics_channel:322:14)\n    at wrapModuleLoad (node:internal/modules/cjs/loader:238:24)\n    at Module.require (node:internal/modules/cjs/loader:1493:12)\n    at require (node:internal/modules/helpers:152:16)\n    at Object.<anonymous> (/home/zidnae/Dokumen/Code/ramein/ramein-backend/src/app.ts:21:1)\n    at Module.<anonymous> (node:internal/modules/cjs/loader:1738:14)","timestamp":"2025-09-21 23:26:47","trace":[{"column":7,"file":"/home/zidnae/Dokumen/Code/ramein/ramein-backend/src/middlewares/sessionTimeout.ts","function":null,"line":1,"method":null,"native":false},{"column":14,"file":"node:internal/modules/cjs/loader","function":null,"line":1738,"method":null,"native":false},{"column":25,"file":"/home/zidnae/Dokumen/Code/ramein/ramein-backend/node_modules/source-map-support/source-map-support.js","function":"Module._compile","line":568,"method":"_compile","native":false},{"column":33,"file":"/tmp/ts-node-dev-hook-019834975656681242.js","function":"Module.m._compile","line":69,"method":"_compile","native":false},{"column":10,"file":"node:internal/modules/cjs/loader","function":null,"line":1871,"method":null,"native":false},{"column":20,"file":"/tmp/ts-node-dev-hook-019834975656681242.js","function":"require.extensions..jsx.require.extensions..js","line":114,"method":".js","native":false},{"column":20,"file":"/tmp/ts-node-dev-hook-019834975656681242.js","function":"require.extensions.<computed>","line":71,"method":"<computed>","native":false},{"column":13,"file":"/home/zidnae/Dokumen/Code/ramein/ramein-backend/node_modules/ts-node-dev/lib/hook.js","function":"Object.nodeDevHook [as .ts]","line":63,"method":"ts]","native":false},{"column":32,"file":"node:internal/modules/cjs/loader","function":"Module.load","line":1470,"method":"load","native":false},{"column":12,"file":"node:internal/modules/cjs/loader","function":"Module._load","line":1290,"method":"_load","native":false},{"column":14,"file":"node:diagnostics_channel","function":"TracingChannel.traceSync","line":322,"method":"traceSync","native":false},{"column":24,"file":"node:internal/modules/cjs/loader","function":"wrapModuleLoad","line":238,"method":null,"native":false},{"column":12,"file":"node:internal/modules/cjs/loader","function":"Module.require","line":1493,"method":"require","native":false},{"column":16,"file":"node:internal/modules/helpers","function":"require","line":152,"method":null,"native":false},{"column":1,"file":"/home/zidnae/Dokumen/Code/ramein/ramein-backend/src/app.ts","function":null,"line":21,"method":null,"native":false},{"column":14,"file":"node:internal/modules/cjs/loader","function":null,"line":1738,"method":null,"native":false}]}
{"date":"Mon Oct 20 2025 19:03:41 GMT+0700 (Western Indonesia Time)","error":{"code":"EIO","errno":-5,"syscall":"write"},"exception":true,"level":"error","message":"uncaughtException: EIO: i/o error, write\nError: EIO: i/o error, write\n    at writeSync (node:fs:922:3)\n    at SyncWriteStream._write (node:internal/fs/sync_write_stream:27:5)\n    at writeOrBuffer (node:internal/streams/writable:570:12)\n    at _write (node:internal/streams/writable:499:10)\n    at SyncWriteStream.Writable.write (node:internal/streams/writable:508:10)\n    at console.value (node:internal/console/constructor:298:16)\n    at console.log (node:internal/console/constructor:384:26)\n    at startServer (/home/zidnae/Dokumen/Code/ramein/ramein-backend/src/index.ts:66:17)\n    at processTicksAndRejections (node:internal/process/task_queues:105:5)","os":{"loadavg":[1.94,1.71,1.51],"uptime":253775.73},"process":{"argv":["/usr/bin/node","src/index.ts"],"cwd":"/home/zidnae/Dokumen/Code/ramein/ramein-backend","execPath":"/usr/bin/node","gid":1000,"memoryUsage":{"arrayBuffers":477415,"external":4139755,"heapTotal":241008640,"heapUsed":139022064,"rss":300544000},"pid":571367,"uid":1000,"version":"v24.8.0"},"service":"ramein-backend","stack":"Error: EIO: i/o error, write\n    at writeSync (node:fs:922:3)\n    at SyncWriteStream._write (node:internal/fs/sync_write_stream:27:5)\n    at writeOrBuffer (node:internal/streams/writable:570:12)\n    at _write (node:internal/streams/writable:499:10)\n    at SyncWriteStream.Writable.write (node:internal/streams/writable:508:10)\n    at console.value (node:internal/console/constructor:298:16)\n    at console.log (node:internal/console/constructor:384:26)\n    at startServer (/home/zidnae/Dokumen/Code/ramein/ramein-backend/src/index.ts:66:17)\n    at processTicksAndRejections (node:internal/process/task_queues:105:5)","timestamp":"2025-10-20 19:03:41","trace":[{"column":3,"file":"node:fs","function":"writeSync","line":922,"method":null,"native":false},{"column":5,"file":"node:internal/fs/sync_write_stream","function":"SyncWriteStream._write","line":27,"method":"_write","native":false},{"column":12,"file":"node:internal/streams/writable","function":"writeOrBuffer","line":570,"method":null,"native":false},{"column":10,"file":"node:internal/streams/writable","function":"_write","line":499,"method":null,"native":false},{"column":10,"file":"node:internal/streams/writable","function":"SyncWriteStream.Writable.write","line":508,"method":"write","native":false},{"column":16,"file":"node:internal/console/constructor","function":"console.value","line":298,"method":"value","native":false},{"column":26,"file":"node:internal/console/constructor","function":"console.log","line":384,"method":"log","native":false},{"column":17,"file":"/home/zidnae/Dokumen/Code/ramein/ramein-backend/src/index.ts","function":"startServer","line":66,"method":null,"native":false},{"column":5,"file":"node:internal/process/task_queues","function":"processTicksAndRejections","line":105,"method":null,"native":false}]}
{"date":"Thu Nov 20 2025 08:40:44 GMT+0700 (Western Indonesia Time)","error":{},"exception":true,"level":"error","message":"uncaughtException: Identifier 'token' has already been declared\n/home/zidnae/Dokumen/Code/projectme/ramein/ramein-backend/src/controllers/GoogleAuthController.ts:60\n        const token = jsonwebtoken_1.default.sign({ userId: user.id, role: user.role }, process.env.JWT_SECRET || 'your-secret-key', { expiresIn: '1d' });\n              ^\n\nSyntaxError: Identifier 'token' has already been declared\n    at wrapSafe (node:internal/modules/cjs/loader:1691:18)\n    at Module.<anonymous> (node:internal/modules/cjs/loader:1734:20)\n    at Module._compile (/home/zidnae/Dokumen/Code/projectme/ramein/ramein-backend/node_modules/source-map-support/source-map-support.js:568:25)\n    at Module.m._compile (/tmp/ts-node-dev-hook-5515616460130336.js:69:33)\n    at node:internal/modules/cjs/loader:1893:10\n    at require.extensions..jsx.require.extensions..js (/tmp/ts-node-dev-hook-5515616460130336.js:114:20)\n    at require.extensions.<computed> (/tmp/ts-node-dev-hook-5515616460130336.js:71:20)\n    at Object.nodeDevHook [as .ts] (/home/zidnae/Dokumen/Code/projectme/ramein/ramein-backend/node_modules/ts-node-dev/lib/hook.js:63:13)\n    at Module.load (node:internal/modules/cjs/loader:1480:32)\n    at Module._load (node:internal/modules/cjs/loader:1299:12)","os":{"loadavg":[2.75,1.24,0.79],"uptime":6453.47},"process":{"argv":["/usr/bin/node","src/index.ts"],"cwd":"/home/zidnae/Dokumen/Code/projectme/ramein/ramein-backend","execPath":"/usr/bin/node","gid":1000,"memoryUsage":{"arrayBuffers":27787,"external":2554164,"heapTotal":55894016,"heapUsed":34096104,"rss":111067136},"pid":12827,"uid":1000,"version":"v24.8.0"},"service":"ramein-backend","stack":"/home/zidnae/Dokumen/Code/projectme/ramein/ramein-backend/src/controllers/GoogleAuthController.ts:60\n        const token = jsonwebtoken_1.default.sign({ userId: user.id, role: user.role }, process.env.JWT_SECRET || 'your-secret-key', { expiresIn: '1d' });\n              ^\n\nSyntaxError: Identifier 'token' has already been declared\n    at wrapSafe (node:internal/modules/cjs/loader:1691:18)\n    at Module.<anonymous> (node:internal/modules/cjs/loader:1734:20)\n    at Module._compile (/home/zidnae/Dokumen/Code/projectme/ramein/ramein-backend/node_modules/source-map-support/source-map-support.js:568:25)\n    at Module.m._compile (/tmp/ts-node-dev-hook-5515616460130336.js:69:33)\n    at node:internal/modules/cjs/loader:1893:10\n    at require.extensions..jsx.require.extensions..js (/tmp/ts-node-dev-hook-5515616460130336.js:114:20)\n    at require.extensions.<computed> (/tmp/ts-node-dev-hook-5515616460130336.js:71:20)\n    at Object.nodeDevHook [as .ts] (/home/zidnae/Dokumen/Code/projectme/ramein/ramein-backend/node_modules/ts-node-dev/lib/hook.js:63:13)\n    at Module.load (node:internal/modules/cjs/loader:1480:32)\n    at Module._load (node:internal/modules/cjs/loader:1299:12)","timestamp":"2025-11-20 08:40:44","trace":[{"column":18,"file":"node:internal/modules/cjs/loader","function":"wrapSafe","line":1691,"method":null,"native":false},{"column":20,"file":"node:internal/modules/cjs/loader","function":null,"line":1734,"method":null,"native":false},{"column":25,"file":"/home/zidnae/Dokumen/Code/projectme/ramein/ramein-backend/node_modules/source-map-support/source-map-support.js","function":"Module._compile","line":568,"method":"_compile","native":false},{"column":33,"file":"/tmp/ts-node-dev-hook-5515616460130336.js","function":"Module.m._compile","line":69,"method":"_compile","native":false},{"column":10,"file":"node:internal/modules/cjs/loader","function":null,"line":1893,"method":null,"native":false},{"column":20,"file":"/tmp/ts-node-dev-hook-5515616460130336.js","function":"require.extensions..jsx.require.extensions..js","line":114,"method":".js","native":false},{"column":20,"file":"/tmp/ts-node-dev-hook-5515616460130336.js","function":"require.extensions.<computed>","line":71,"method":"<computed>","native":false},{"column":13,"file":"/home/zidnae/Dokumen/Code/projectme/ramein/ramein-backend/node_modules/ts-node-dev/lib/hook.js","function":"Object.nodeDevHook [as .ts]","line":63,"method":"ts]","native":false},{"column":32,"file":"node:internal/modules/cjs/loader","function":"Module.load","line":1480,"method":"load","native":false},{"column":12,"file":"node:internal/modules/cjs/loader","function":"Module._load","line":1299,"method":"_load","native":false}]}
{"date":"Thu Nov 20 2025 10:21:29 GMT+0700 (Western Indonesia Time)","error":{},"exception":true,"level":"error","message":"uncaughtException: argument handler must be a function\nTypeError: argument handler must be a function\n    at Route.<computed> [as get] (/home/zidnae/Dokumen/Code/projectme/ramein/ramein-backend/node_modules/router/lib/route.js:228:15)\n    at router.Router.<computed> [as get] (/home/zidnae/Dokumen/Code/projectme/ramein/ramein-backend/node_modules/router/index.js:448:19)\n    at Object.<anonymous> (/home/zidnae/Dokumen/Code/projectme/ramein/ramein-backend/src/routes/adminRoutes.ts:12:8)\n    at Module.<anonymous> (node:internal/modules/cjs/loader:1760:14)\n    at Module._compile (/home/zidnae/Dokumen/Code/projectme/ramein/ramein-backend/node_modules/source-map-support/source-map-support.js:568:25)\n    at Module.m._compile (/tmp/ts-node-dev-hook-21647333398248148.js:69:33)\n    at node:internal/modules/cjs/loader:1893:10\n    at require.extensions..jsx.require.extensions..js (/tmp/ts-node-dev-hook-21647333398248148.js:114:20)\n    at require.extensions.<computed> (/tmp/ts-node-dev-hook-21647333398248148.js:71:20)\n    at Object.nodeDevHook [as .ts] (/home/zidnae/Dokumen/Code/projectme/ramein/ramein-backend/node_modules/ts-node-dev/lib/hook.js:63:13)\n    at Module.load (node:internal/modules/cjs/loader:1480:32)\n    at Module._load (node:internal/modules/cjs/loader:1299:12)\n    at TracingChannel.traceSync (node:diagnostics_channel:322:14)\n    at wrapModuleLoad (node:internal/modules/cjs/loader:244:24)\n    at Module.require (node:internal/modules/cjs/loader:1503:12)\n    at require (node:internal/modules/helpers:152:16)","os":{"loadavg":[3.72,2.33,1.94],"uptime":12499.05},"process":{"argv":["/usr/bin/node","src/index.ts"],"cwd":"/home/zidnae/Dokumen/Code/projectme/ramein/ramein-backend","execPath":"/usr/bin/node","gid":1000,"memoryUsage":{"arrayBuffers":467581,"external":3380206,"heapTotal":124293120,"heapUsed":86023752,"rss":174239744},"pid":29074,"uid":1000,"version":"v24.8.0"},"service":"ramein-backend","stack":"TypeError: argument handler must be a function\n    at Route.<computed> [as get] (/home/zidnae/Dokumen/Code/projectme/ramein/ramein-backend/node_modules/router/lib/route.js:228:15)\n    at router.Router.<computed> [as get] (/home/zidnae/Dokumen/Code/projectme/ramein/ramein-backend/node_modules/router/index.js:448:19)\n    at Object.<anonymous> (/home/zidnae/Dokumen/Code/projectme/ramein/ramein-backend/src/routes/adminRoutes.ts:12:8)\n    at Module.<anonymous> (node:internal/modules/cjs/loader:1760:14)\n    at Module._compile (/home/zidnae/Dokumen/Code/projectme/ramein/ramein-backend/node_modules/source-map-support/source-map-support.js:568:25)\n    at Module.m._compile (/tmp/ts-node-dev-hook-21647333398248148.js:69:33)\n    at node:internal/modules/cjs/loader:1893:10\n    at require.extensions..jsx.require.extensions..js (/tmp/ts-node-dev-hook-21647333398248148.js:114:20)\n    at require.extensions.<computed> (/tmp/ts-node-dev-hook-21647333398248148.js:71:20)\n    at Object.nodeDevHook [as .ts] (/home/zidnae/Dokumen/Code/projectme/ramein/ramein-backend/node_modules/ts-node-dev/lib/hook.js:63:13)\n    at Module.load (node:internal/modules/cjs/loader:1480:32)\n    at Module._load (node:internal/modules/cjs/loader:1299:12)\n    at TracingChannel.traceSync (node:diagnostics_channel:322:14)\n    at wrapModuleLoad (node:internal/modules/cjs/loader:244:24)\n    at Module.require (node:internal/modules/cjs/loader:1503:12)\n    at require (node:internal/modules/helpers:152:16)","timestamp":"2025-11-20 10:21:29","trace":[{"column":15,"file":"/home/zidnae/Dokumen/Code/projectme/ramein/ramein-backend/node_modules/router/lib/route.js","function":"Route.<computed> [as get]","line":228,"method":"<computed> [as get]","native":false},{"column":19,"file":"/home/zidnae/Dokumen/Code/projectme/ramein/ramein-backend/node_modules/router/index.js","function":"router.Router.<computed> [as get]","line":448,"method":"<computed> [as get]","native":false},{"column":8,"file":"/home/zidnae/Dokumen/Code/projectme/ramein/ramein-backend/src/routes/adminRoutes.ts","function":null,"line":12,"method":null,"native":false},{"column":14,"file":"node:internal/modules/cjs/loader","function":null,"line":1760,"method":null,"native":false},{"column":25,"file":"/home/zidnae/Dokumen/Code/projectme/ramein/ramein-backend/node_modules/source-map-support/source-map-support.js","function":"Module._compile","line":568,"method":"_compile","native":false},{"column":33,"file":"/tmp/ts-node-dev-hook-21647333398248148.js","function":"Module.m._compile","line":69,"method":"_compile","native":false},{"column":10,"file":"node:internal/modules/cjs/loader","function":null,"line":1893,"method":null,"native":false},{"column":20,"file":"/tmp/ts-node-dev-hook-21647333398248148.js","function":"require.extensions..jsx.require.extensions..js","line":114,"method":".js","native":false},{"column":20,"file":"/tmp/ts-node-dev-hook-21647333398248148.js","function":"require.extensions.<computed>","line":71,"method":"<computed>","native":false},{"column":13,"file":"/home/zidnae/Dokumen/Code/projectme/ramein/ramein-backend/node_modules/ts-node-dev/lib/hook.js","function":"Object.nodeDevHook [as .ts]","line":63,"method":"ts]","native":false},{"column":32,"file":"node:internal/modules/cjs/loader","function":"Module.load","line":1480,"method":"load","native":false},{"column":12,"file":"node:internal/modules/cjs/loader","function":"Module._load","line":1299,"method":"_load","native":false},{"column":14,"file":"node:diagnostics_channel","function":"TracingChannel.traceSync","line":322,"method":"traceSync","native":false},{"column":24,"file":"node:internal/modules/cjs/loader","function":"wrapModuleLoad","line":244,"method":null,"native":false},{"column":12,"file":"node:internal/modules/cjs/loader","function":"Module.require","line":1503,"method":"require","native":false},{"column":16,"file":"node:internal/modules/helpers","function":"require","line":152,"method":null,"native":false}]}
{"date":"Thu Nov 20 2025 11:15:23 GMT+0700 (Western Indonesia Time)","error":{},"exception":true,"level":"error","message":"uncaughtException: argument handler must be a function\nTypeError: argument handler must be a function\n    at Route.<computed> [as post] (/home/zidnae/Dokumen/Code/projectme/ramein/ramein-backend/node_modules/router/lib/route.js:228:15)\n    at router.Router.<computed> [as post] (/home/zidnae/Dokumen/Code/projectme/ramein/ramein-backend/node_modules/router/index.js:448:19)\n    at Object.<anonymous> (/home/zidnae/Dokumen/Code/projectme/ramein/ramein-backend/src/routes/certificateRoutes.ts:35:8)\n    at Module.<anonymous> (node:internal/modules/cjs/loader:1760:14)\n    at Module._compile (/home/zidnae/Dokumen/Code/projectme/ramein/ramein-backend/node_modules/source-map-support/source-map-support.js:568:25)\n    at Module.m._compile (/tmp/ts-node-dev-hook-7956444317516937.js:69:33)\n    at node:internal/modules/cjs/loader:1893:10\n    at require.extensions..jsx.require.extensions..js (/tmp/ts-node-dev-hook-7956444317516937.js:114:20)\n    at require.extensions.<computed> (/tmp/ts-node-dev-hook-7956444317516937.js:71:20)\n    at Object.nodeDevHook [as .ts] (/home/zidnae/Dokumen/Code/projectme/ramein/ramein-backend/node_modules/ts-node-dev/lib/hook.js:63:13)\n    at Module.load (node:internal/modules/cjs/loader:1480:32)\n    at Module._load (node:internal/modules/cjs/loader:1299:12)\n    at TracingChannel.traceSync (node:diagnostics_channel:322:14)\n    at wrapModuleLoad (node:internal/modules/cjs/loader:244:24)\n    at Module.require (node:internal/modules/cjs/loader:1503:12)\n    at require (node:internal/modules/helpers:152:16)","os":{"loadavg":[3.64,2.24,2.51],"uptime":15732.73},"process":{"argv":["/usr/bin/node","src/index.ts"],"cwd":"/home/zidnae/Dokumen/Code/projectme/ramein/ramein-backend","execPath":"/usr/bin/node","gid":1000,"memoryUsage":{"arrayBuffers":473133,"external":3061965,"heapTotal":202432512,"heapUsed":88411960,"rss":163430400},"pid":38636,"uid":1000,"version":"v24.8.0"},"service":"ramein-backend","stack":"TypeError: argument handler must be a function\n    at Route.<computed> [as post] (/home/zidnae/Dokumen/Code/projectme/ramein/ramein-backend/node_modules/router/lib/route.js:228:15)\n    at router.Router.<computed> [as post] (/home/zidnae/Dokumen/Code/projectme/ramein/ramein-backend/node_modules/router/index.js:448:19)\n    at Object.<anonymous> (/home/zidnae/Dokumen/Code/projectme/ramein/ramein-backend/src/routes/certificateRoutes.ts:35:8)\n    at Module.<anonymous> (node:internal/modules/cjs/loader:1760:14)\n    at Module._compile (/home/zidnae/Dokumen/Code/projectme/ramein/ramein-backend/node_modules/source-map-support/source-map-support.js:568:25)\n    at Module.m._compile (/tmp/ts-node-dev-hook-7956444317516937.js:69:33)\n    at node:internal/modules/cjs/loader:1893:10\n    at require.extensions..jsx.require.extensions..js (/tmp/ts-node-dev-hook-7956444317516937.js:114:20)\n    at require.extensions.<computed> (/tmp/ts-node-dev-hook-7956444317516937.js:71:20)\n    at Object.nodeDevHook [as .ts] (/home/zidnae/Dokumen/Code/projectme/ramein/ramein-backend/node_modules/ts-node-dev/lib/hook.js:63:13)\n    at Module.load (node:internal/modules/cjs/loader:1480:32)\n    at Module._load (node:internal/modules/cjs/loader:1299:12)\n    at TracingChannel.traceSync (node:diagnostics_channel:322:14)\n    at wrapModuleLoad (node:internal/modules/cjs/loader:244:24)\n    at Module.require (node:internal/modules/cjs/loader:1503:12)\n    at require (node:internal/modules/helpers:152:16)","timestamp":"2025-11-20 11:15:23","trace":[{"column":15,"file":"/home/zidnae/Dokumen/Code/projectme/ramein/ramein-backend/node_modules/router/lib/route.js","function":"Route.<computed> [as post]","line":228,"method":"<computed> [as post]","native":false},{"column":19,"file":"/home/zidnae/Dokumen/Code/projectme/ramein/ramein-backend/node_modules/router/index.js","function":"router.Router.<computed> [as post]","line":448,"method":"<computed> [as post]","native":false},{"column":8,"file":"/home/zidnae/Dokumen/Code/projectme/ramein/ramein-backend/src/routes/certificateRoutes.ts","function":null,"line":35,"method":null,"native":false},{"column":14,"file":"node:internal/modules/cjs/loader","function":null,"line":1760,"method":null,"native":false},{"column":25,"file":"/home/zidnae/Dokumen/Code/projectme/ramein/ramein-backend/node_modules/source-map-support/source-map-support.js","function":"Module._compile","line":568,"method":"_compile","native":false},{"column":33,"file":"/tmp/ts-node-dev-hook-7956444317516937.js","function":"Module.m._compile","line":69,"method":"_compile","native":false},{"column":10,"file":"node:internal/modules/cjs/loader","function":null,"line":1893,"method":null,"native":false},{"column":20,"file":"/tmp/ts-node-dev-hook-7956444317516937.js","function":"require.extensions..jsx.require.extensions..js","line":114,"method":".js","native":false},{"column":20,"file":"/tmp/ts-node-dev-hook-7956444317516937.js","function":"require.extensions.<computed>","line":71,"method":"<computed>","native":false},{"column":13,"file":"/home/zidnae/Dokumen/Code/projectme/ramein/ramein-backend/node_modules/ts-node-dev/lib/hook.js","function":"Object.nodeDevHook [as .ts]","line":63,"method":"ts]","native":false},{"column":32,"file":"node:internal/modules/cjs/loader","function":"Module.load","line":1480,"method":"load","native":false},{"column":12,"file":"node:internal/modules/cjs/loader","function":"Module._load","line":1299,"method":"_load","native":false},{"column":14,"file":"node:diagnostics_channel","function":"TracingChannel.traceSync","line":322,"method":"traceSync","native":false},{"column":24,"file":"node:internal/modules/cjs/loader","function":"wrapModuleLoad","line":244,"method":null,"native":false},{"column":12,"file":"node:internal/modules/cjs/loader","function":"Module.require","line":1503,"method":"require","native":false},{"column":16,"file":"node:internal/modules/helpers","function":"require","line":152,"method":null,"native":false}]}
{"date":"Wed Nov 26 2025 10:09:21 GMT+0700 (Indochina Time)","error":{},"exception":true,"level":"error","message":"uncaughtException:  Unable to compile TypeScript:\nsrc/controllers/AdminController.ts(600,19): error TS1005: ':' expected.\r\nsrc/controllers/AdminController.ts(600,51): error TS1005: ',' expected.\r\nsrc/controllers/AdminController.ts(601,19): error TS1005: ':' expected.\r\nsrc/controllers/AdminController.ts(601,82): error TS1005: ',' expected.\r\nsrc/controllers/AdminController.ts(602,19): error TS1005: ':' expected.\r\nsrc/controllers/AdminController.ts(602,94): error TS1005: ',' expected.\r\nsrc/controllers/AdminController.ts(616,15): error TS1005: ',' expected.\r\nsrc/controllers/AdminController.ts(616,20): error TS1005: ':' expected.\r\nsrc/controllers/AdminController.ts(616,33): error TS1005: ',' expected.\r\nsrc/controllers/AdminController.ts(616,48): error TS1005: ';' expected.\r\nsrc/controllers/AdminController.ts(682,11): error TS1005: 'try' expected.\r\nsrc/controllers/AdminController.ts(691,5): error TS1472: 'catch' or 'finally' expected.\r\n\nError:  Unable to compile TypeScript:\nsrc/controllers/AdminController.ts(600,19): error TS1005: ':' expected.\r\nsrc/controllers/AdminController.ts(600,51): error TS1005: ',' expected.\r\nsrc/controllers/AdminController.ts(601,19): error TS1005: ':' expected.\r\nsrc/controllers/AdminController.ts(601,82): error TS1005: ',' expected.\r\nsrc/controllers/AdminController.ts(602,19): error TS1005: ':' expected.\r\nsrc/controllers/AdminController.ts(602,94): error TS1005: ',' expected.\r\nsrc/controllers/AdminController.ts(616,15): error TS1005: ',' expected.\r\nsrc/controllers/AdminController.ts(616,20): error TS1005: ':' expected.\r\nsrc/controllers/AdminController.ts(616,33): error TS1005: ',' expected.\r\nsrc/controllers/AdminController.ts(616,48): error TS1005: ';' expected.\r\nsrc/controllers/AdminController.ts(682,11): error TS1005: 'try' expected.\r\nsrc/controllers/AdminController.ts(691,5): error TS1472: 'catch' or 'finally' expected.\r\n\n    at Object.<anonymous> (C:\\xamppk\\htdocs\\UKKEVENT_Zidane Abiansyah_XII PPLG 1\\ramein-backend\\src\\controllers\\AdminController.ts:1:7)\n    at Module.<anonymous> (node:internal/modules/cjs/loader:1688:14)\n    at Module._compile (C:\\xamppk\\htdocs\\UKKEVENT_Zidane Abiansyah_XII PPLG 1\\ramein-backend\\node_modules\\source-map-support\\source-map-support.js:568:25)\n    at Module.m._compile (C:\\Users\\STROKH~1\\AppData\\Local\\Temp\\ts-node-dev-hook-8096453152970227.js:69:33)\n    at node:internal/modules/cjs/loader:1820:10\n    at require.extensions..jsx.require.extensions..js (C:\\Users\\STROKH~1\\AppData\\Local\\Temp\\ts-node-dev-hook-8096453152970227.js:114:20)\n    at require.extensions.<computed> (C:\\Users\\STROKH~1\\AppData\\Local\\Temp\\ts-node-dev-hook-8096453152970227.js:71:20)\n    at Object.nodeDevHook [as .ts] (C:\\xamppk\\htdocs\\UKKEVENT_Zidane Abiansyah_XII PPLG 1\\ramein-backend\\node_modules\\ts-node-dev\\lib\\hook.js:63:13)\n    at Module.load (node:internal/modules/cjs/loader:1423:32)\n    at Function._load (node:internal/modules/cjs/loader:1246:12)\n    at TracingChannel.traceSync (node:diagnostics_channel:322:14)\n    at wrapModuleLoad (node:internal/modules/cjs/loader:235:24)\n    at Module.require (node:internal/modules/cjs/loader:1445:12)\n    at require (node:internal/modules/helpers:135:16)\n    at Object.<anonymous> (C:\\xamppk\\htdocs\\UKKEVENT_Zidane Abiansyah_XII PPLG 1\\ramein-backend\\src\\routes\\adminRoutes.ts:2:1)\n    at Module.<anonymous> (node:internal/modules/cjs/loader:1688:14)","os":{"loadavg":[0,0,0],"uptime":8405.515},"process":{"argv":["C:\\Program Files\\nodejs\\node.exe","src/index.ts"],"cwd":"C:\\xamppk\\htdocs\\UKKEVENT_Zidane Abiansyah_XII PPLG 1\\ramein-backend","execPath":"C:\\Program Files\\nodejs\\node.exe","gid":null,"memoryUsage":{"arrayBuffers":773689,"external":3036141,"heapTotal":114737152,"heapUsed":77879992,"rss":171679744},"pid":15536,"uid":null,"version":"v22.18.0"},"service":"ramein-backend","stack":"Error:  Unable to compile TypeScript:\nsrc/controllers/AdminController.ts(600,19): error TS1005: ':' expected.\r\nsrc/controllers/AdminController.ts(600,51): error TS1005: ',' expected.\r\nsrc/controllers/AdminController.ts(601,19): error TS1005: ':' expected.\r\nsrc/controllers/AdminController.ts(601,82): error TS1005: ',' expected.\r\nsrc/controllers/AdminController.ts(602,19): error TS1005: ':' expected.\r\nsrc/controllers/AdminController.ts(602,94): error TS1005: ',' expected.\r\nsrc/controllers/AdminController.ts(616,15): error TS1005: ',' expected.\r\nsrc/controllers/AdminController.ts(616,20): error TS1005: ':' expected.\r\nsrc/controllers/AdminController.ts(616,33): error TS1005: ',' expected.\r\nsrc/controllers/AdminController.ts(616,48): error TS1005: ';' expected.\r\nsrc/controllers/AdminController.ts(682,11): error TS1005: 'try' expected.\r\nsrc/controllers/AdminController.ts(691,5): error TS1472: 'catch' or 'finally' expected.\r\n\n    at Object.<anonymous> (C:\\xamppk\\htdocs\\UKKEVENT_Zidane Abiansyah_XII PPLG 1\\ramein-backend\\src\\controllers\\AdminController.ts:1:7)\n    at Module.<anonymous> (node:internal/modules/cjs/loader:1688:14)\n    at Module._compile (C:\\xamppk\\htdocs\\UKKEVENT_Zidane Abiansyah_XII PPLG 1\\ramein-backend\\node_modules\\source-map-support\\source-map-support.js:568:25)\n    at Module.m._compile (C:\\Users\\STROKH~1\\AppData\\Local\\Temp\\ts-node-dev-hook-8096453152970227.js:69:33)\n    at node:internal/modules/cjs/loader:1820:10\n    at require.extensions..jsx.require.extensions..js (C:\\Users\\STROKH~1\\AppData\\Local\\Temp\\ts-node-dev-hook-8096453152970227.js:114:20)\n    at require.extensions.<computed> (C:\\Users\\STROKH~1\\AppData\\Local\\Temp\\ts-node-dev-hook-8096453152970227.js:71:20)\n    at Object.nodeDevHook [as .ts] (C:\\xamppk\\htdocs\\UKKEVENT_Zidane Abiansyah_XII PPLG 1\\ramein-backend\\node_modules\\ts-node-dev\\lib\\hook.js:63:13)\n    at Module.load (node:internal/modules/cjs/loader:1423:32)\n    at Function._load (node:internal/modules/cjs/loader:1246:12)\n    at TracingChannel.traceSync (node:diagnostics_channel:322:14)\n    at wrapModuleLoad (node:internal/modules/cjs/loader:235:24)\n    at Module.require (node:internal/modules/cjs/loader:1445:12)\n    at require (node:internal/modules/helpers:135:16)\n    at Object.<anonymous> (C:\\xamppk\\htdocs\\UKKEVENT_Zidane Abiansyah_XII PPLG 1\\ramein-backend\\src\\routes\\adminRoutes.ts:2:1)\n    at Module.<anonymous> (node:internal/modules/cjs/loader:1688:14)","timestamp":"2025-11-26 10:09:21","trace":[{"column":7,"file":"C:\\xamppk\\htdocs\\UKKEVENT_Zidane Abiansyah_XII PPLG 1\\ramein-backend\\src\\controllers\\AdminController.ts","function":null,"line":1,"method":null,"native":false},{"column":14,"file":"node:internal/modules/cjs/loader","function":null,"line":1688,"method":null,"native":false},{"column":25,"file":"C:\\xamppk\\htdocs\\UKKEVENT_Zidane Abiansyah_XII PPLG 1\\ramein-backend\\node_modules\\source-map-support\\source-map-support.js","function":"Module._compile","line":568,"method":"_compile","native":false},{"column":33,"file":"C:\\Users\\STROKH~1\\AppData\\Local\\Temp\\ts-node-dev-hook-8096453152970227.js","function":"Module.m._compile","line":69,"method":"_compile","native":false},{"column":10,"file":"node:internal/modules/cjs/loader","function":null,"line":1820,"method":null,"native":false},{"column":20,"file":"C:\\Users\\STROKH~1\\AppData\\Local\\Temp\\ts-node-dev-hook-8096453152970227.js","function":"require.extensions..jsx.require.extensions..js","line":114,"method":".js","native":false},{"column":20,"file":"C:\\Users\\STROKH~1\\AppData\\Local\\Temp\\ts-node-dev-hook-8096453152970227.js","function":"require.extensions.<computed>","line":71,"method":"<computed>","native":false},{"column":13,"file":"C:\\xamppk\\htdocs\\UKKEVENT_Zidane Abiansyah_XII PPLG 1\\ramein-backend\\node_modules\\ts-node-dev\\lib\\hook.js","function":"Object.nodeDevHook [as .ts]","line":63,"method":"ts]","native":false},{"column":32,"file":"node:internal/modules/cjs/loader","function":"Module.load","line":1423,"method":"load","native":false},{"column":12,"file":"node:internal/modules/cjs/loader","function":"Function._load","line":1246,"method":"_load","native":false},{"column":14,"file":"node:diagnostics_channel","function":"TracingChannel.traceSync","line":322,"method":"traceSync","native":false},{"column":24,"file":"node:internal/modules/cjs/loader","function":"wrapModuleLoad","line":235,"method":null,"native":false},{"column":12,"file":"node:internal/modules/cjs/loader","function":"Module.require","line":1445,"method":"require","native":false},{"column":16,"file":"node:internal/modules/helpers","function":"require","line":135,"method":null,"native":false},{"column":1,"file":"C:\\xamppk\\htdocs\\UKKEVENT_Zidane Abiansyah_XII PPLG 1\\ramein-backend\\src\\routes\\adminRoutes.ts","function":null,"line":2,"method":null,"native":false},{"column":14,"file":"node:internal/modules/cjs/loader","function":null,"line":1688,"method":null,"native":false}]}
{"date":"Wed Nov 26 2025 11:22:46 GMT+0700 (Indochina Time)","error":{},"exception":true,"level":"error","message":"uncaughtException:  Unable to compile TypeScript:\nsrc/controllers/AdminController.ts(703,14): error TS1128: Declaration or statement expected.\r\nsrc/controllers/AdminController.ts(708,5): error TS1472: 'catch' or 'finally' expected.\r\n\nError:  Unable to compile TypeScript:\nsrc/controllers/AdminController.ts(703,14): error TS1128: Declaration or statement expected.\r\nsrc/controllers/AdminController.ts(708,5): error TS1472: 'catch' or 'finally' expected.\r\n\n    at Object.<anonymous> (C:\\xamppk\\htdocs\\UKKEVENT_Zidane Abiansyah_XII PPLG 1\\ramein-backend\\src\\controllers\\AdminController.ts:1:7)\n    at Module.<anonymous> (node:internal/modules/cjs/loader:1688:14)\n    at Module._compile (C:\\xamppk\\htdocs\\UKKEVENT_Zidane Abiansyah_XII PPLG 1\\ramein-backend\\node_modules\\source-map-support\\source-map-support.js:568:25)\n    at Module.m._compile (C:\\Users\\STROKH~1\\AppData\\Local\\Temp\\ts-node-dev-hook-5300052564495239.js:69:33)\n    at node:internal/modules/cjs/loader:1820:10\n    at require.extensions..jsx.require.extensions..js (C:\\Users\\STROKH~1\\AppData\\Local\\Temp\\ts-node-dev-hook-5300052564495239.js:114:20)\n    at require.extensions.<computed> (C:\\Users\\STROKH~1\\AppData\\Local\\Temp\\ts-node-dev-hook-5300052564495239.js:71:20)\n    at Object.nodeDevHook [as .ts] (C:\\xamppk\\htdocs\\UKKEVENT_Zidane Abiansyah_XII PPLG 1\\ramein-backend\\node_modules\\ts-node-dev\\lib\\hook.js:63:13)\n    at Module.load (node:internal/modules/cjs/loader:1423:32)\n    at Function._load (node:internal/modules/cjs/loader:1246:12)\n    at TracingChannel.traceSync (node:diagnostics_channel:322:14)\n    at wrapModuleLoad (node:internal/modules/cjs/loader:235:24)\n    at Module.require (node:internal/modules/cjs/loader:1445:12)\n    at require (node:internal/modules/helpers:135:16)\n    at Object.<anonymous> (C:\\xamppk\\htdocs\\UKKEVENT_Zidane Abiansyah_XII PPLG 1\\ramein-backend\\src\\routes\\adminRoutes.ts:2:1)\n    at Module.<anonymous> (node:internal/modules/cjs/loader:1688:14)","os":{"loadavg":[0,0,0],"uptime":12810.656},"process":{"argv":["C:\\Program Files\\nodejs\\node.exe","src/index.ts"],"cwd":"C:\\xamppk\\htdocs\\UKKEVENT_Zidane Abiansyah_XII PPLG 1\\ramein-backend","execPath":"C:\\Program Files\\nodejs\\node.exe","gid":null,"memoryUsage":{"arrayBuffers":773397,"external":3036141,"heapTotal":114622464,"heapUsed":78834456,"rss":174002176},"pid":11272,"uid":null,"version":"v22.18.0"},"service":"ramein-backend","stack":"Error:  Unable to compile TypeScript:\nsrc/controllers/AdminController.ts(703,14): error TS1128: Declaration or statement expected.\r\nsrc/controllers/AdminController.ts(708,5): error TS1472: 'catch' or 'finally' expected.\r\n\n    at Object.<anonymous> (C:\\xamppk\\htdocs\\UKKEVENT_Zidane Abiansyah_XII PPLG 1\\ramein-backend\\src\\controllers\\AdminController.ts:1:7)\n    at Module.<anonymous> (node:internal/modules/cjs/loader:1688:14)\n    at Module._compile (C:\\xamppk\\htdocs\\UKKEVENT_Zidane Abiansyah_XII PPLG 1\\ramein-backend\\node_modules\\source-map-support\\source-map-support.js:568:25)\n    at Module.m._compile (C:\\Users\\STROKH~1\\AppData\\Local\\Temp\\ts-node-dev-hook-5300052564495239.js:69:33)\n    at node:internal/modules/cjs/loader:1820:10\n    at require.extensions..jsx.require.extensions..js (C:\\Users\\STROKH~1\\AppData\\Local\\Temp\\ts-node-dev-hook-5300052564495239.js:114:20)\n    at require.extensions.<computed> (C:\\Users\\STROKH~1\\AppData\\Local\\Temp\\ts-node-dev-hook-5300052564495239.js:71:20)\n    at Object.nodeDevHook [as .ts] (C:\\xamppk\\htdocs\\UKKEVENT_Zidane Abiansyah_XII PPLG 1\\ramein-backend\\node_modules\\ts-node-dev\\lib\\hook.js:63:13)\n    at Module.load (node:internal/modules/cjs/loader:1423:32)\n    at Function._load (node:internal/modules/cjs/loader:1246:12)\n    at TracingChannel.traceSync (node:diagnostics_channel:322:14)\n    at wrapModuleLoad (node:internal/modules/cjs/loader:235:24)\n    at Module.require (node:internal/modules/cjs/loader:1445:12)\n    at require (node:internal/modules/helpers:135:16)\n    at Object.<anonymous> (C:\\xamppk\\htdocs\\UKKEVENT_Zidane Abiansyah_XII PPLG 1\\ramein-backend\\src\\routes\\adminRoutes.ts:2:1)\n    at Module.<anonymous> (node:internal/modules/cjs/loader:1688:14)","timestamp":"2025-11-26 11:22:46","trace":[{"column":7,"file":"C:\\xamppk\\htdocs\\UKKEVENT_Zidane Abiansyah_XII PPLG 1\\ramein-backend\\src\\controllers\\AdminController.ts","function":null,"line":1,"method":null,"native":false},{"column":14,"file":"node:internal/modules/cjs/loader","function":null,"line":1688,"method":null,"native":false},{"column":25,"file":"C:\\xamppk\\htdocs\\UKKEVENT_Zidane Abiansyah_XII PPLG 1\\ramein-backend\\node_modules\\source-map-support\\source-map-support.js","function":"Module._compile","line":568,"method":"_compile","native":false},{"column":33,"file":"C:\\Users\\STROKH~1\\AppData\\Local\\Temp\\ts-node-dev-hook-5300052564495239.js","function":"Module.m._compile","line":69,"method":"_compile","native":false},{"column":10,"file":"node:internal/modules/cjs/loader","function":null,"line":1820,"method":null,"native":false},{"column":20,"file":"C:\\Users\\STROKH~1\\AppData\\Local\\Temp\\ts-node-dev-hook-5300052564495239.js","function":"require.extensions..jsx.require.extensions..js","line":114,"method":".js","native":false},{"column":20,"file":"C:\\Users\\STROKH~1\\AppData\\Local\\Temp\\ts-node-dev-hook-5300052564495239.js","function":"require.extensions.<computed>","line":71,"method":"<computed>","native":false},{"column":13,"file":"C:\\xamppk\\htdocs\\UKKEVENT_Zidane Abiansyah_XII PPLG 1\\ramein-backend\\node_modules\\ts-node-dev\\lib\\hook.js","function":"Object.nodeDevHook [as .ts]","line":63,"method":"ts]","native":false},{"column":32,"file":"node:internal/modules/cjs/loader","function":"Module.load","line":1423,"method":"load","native":false},{"column":12,"file":"node:internal/modules/cjs/loader","function":"Function._load","line":1246,"method":"_load","native":false},{"column":14,"file":"node:diagnostics_channel","function":"TracingChannel.traceSync","line":322,"method":"traceSync","native":false},{"column":24,"file":"node:internal/modules/cjs/loader","function":"wrapModuleLoad","line":235,"method":null,"native":false},{"column":12,"file":"node:internal/modules/cjs/loader","function":"Module.require","line":1445,"method":"require","native":false},{"column":16,"file":"node:internal/modules/helpers","function":"require","line":135,"method":null,"native":false},{"column":1,"file":"C:\\xamppk\\htdocs\\UKKEVENT_Zidane Abiansyah_XII PPLG 1\\ramein-backend\\src\\routes\\adminRoutes.ts","function":null,"line":2,"method":null,"native":false},{"column":14,"file":"node:internal/modules/cjs/loader","function":null,"line":1688,"method":null,"native":false}]}
{"date":"Wed Nov 26 2025 11:26:09 GMT+0700 (Indochina Time)","error":{},"exception":true,"level":"error","message":"uncaughtException:  Unable to compile TypeScript:\nsrc/controllers/AdminController.ts(695,14): error TS1128: Declaration or statement expected.\r\nsrc/controllers/AdminController.ts(700,5): error TS1472: 'catch' or 'finally' expected.\r\n\nError:  Unable to compile TypeScript:\nsrc/controllers/AdminController.ts(695,14): error TS1128: Declaration or statement expected.\r\nsrc/controllers/AdminController.ts(700,5): error TS1472: 'catch' or 'finally' expected.\r\n\n    at Object.<anonymous> (C:\\xamppk\\htdocs\\UKKEVENT_Zidane Abiansyah_XII PPLG 1\\ramein-backend\\src\\controllers\\AdminController.ts:1:7)\n    at Module.<anonymous> (node:internal/modules/cjs/loader:1688:14)\n    at Module._compile (C:\\xamppk\\htdocs\\UKKEVENT_Zidane Abiansyah_XII PPLG 1\\ramein-backend\\node_modules\\source-map-support\\source-map-support.js:568:25)\n    at Module.m._compile (C:\\Users\\STROKH~1\\AppData\\Local\\Temp\\ts-node-dev-hook-3669130019112905.js:69:33)\n    at node:internal/modules/cjs/loader:1820:10\n    at require.extensions..jsx.require.extensions..js (C:\\Users\\STROKH~1\\AppData\\Local\\Temp\\ts-node-dev-hook-3669130019112905.js:114:20)\n    at require.extensions.<computed> (C:\\Users\\STROKH~1\\AppData\\Local\\Temp\\ts-node-dev-hook-3669130019112905.js:71:20)\n    at Object.nodeDevHook [as .ts] (C:\\xamppk\\htdocs\\UKKEVENT_Zidane Abiansyah_XII PPLG 1\\ramein-backend\\node_modules\\ts-node-dev\\lib\\hook.js:63:13)\n    at Module.load (node:internal/modules/cjs/loader:1423:32)\n    at Function._load (node:internal/modules/cjs/loader:1246:12)\n    at TracingChannel.traceSync (node:diagnostics_channel:322:14)\n    at wrapModuleLoad (node:internal/modules/cjs/loader:235:24)\n    at Module.require (node:internal/modules/cjs/loader:1445:12)\n    at require (node:internal/modules/helpers:135:16)\n    at Object.<anonymous> (C:\\xamppk\\htdocs\\UKKEVENT_Zidane Abiansyah_XII PPLG 1\\ramein-backend\\src\\routes\\adminRoutes.ts:2:1)\n    at Module.<anonymous> (node:internal/modules/cjs/loader:1688:14)","os":{"loadavg":[0,0,0],"uptime":13013.312},"process":{"argv":["C:\\Program Files\\nodejs\\node.exe","src/index.ts"],"cwd":"C:\\xamppk\\htdocs\\UKKEVENT_Zidane Abiansyah_XII PPLG 1\\ramein-backend","execPath":"C:\\Program Files\\nodejs\\node.exe","gid":null,"memoryUsage":{"arrayBuffers":773397,"external":3036141,"heapTotal":114679808,"heapUsed":78350968,"rss":174575616},"pid":5724,"uid":null,"version":"v22.18.0"},"service":"ramein-backend","stack":"Error:  Unable to compile TypeScript:\nsrc/controllers/AdminController.ts(695,14): error TS1128: Declaration or statement expected.\r\nsrc/controllers/AdminController.ts(700,5): error TS1472: 'catch' or 'finally' expected.\r\n\n    at Object.<anonymous> (C:\\xamppk\\htdocs\\UKKEVENT_Zidane Abiansyah_XII PPLG 1\\ramein-backend\\src\\controllers\\AdminController.ts:1:7)\n    at Module.<anonymous> (node:internal/modules/cjs/loader:1688:14)\n    at Module._compile (C:\\xamppk\\htdocs\\UKKEVENT_Zidane Abiansyah_XII PPLG 1\\ramein-backend\\node_modules\\source-map-support\\source-map-support.js:568:25)\n    at Module.m._compile (C:\\Users\\STROKH~1\\AppData\\Local\\Temp\\ts-node-dev-hook-3669130019112905.js:69:33)\n    at node:internal/modules/cjs/loader:1820:10\n    at require.extensions..jsx.require.extensions..js (C:\\Users\\STROKH~1\\AppData\\Local\\Temp\\ts-node-dev-hook-3669130019112905.js:114:20)\n    at require.extensions.<computed> (C:\\Users\\STROKH~1\\AppData\\Local\\Temp\\ts-node-dev-hook-3669130019112905.js:71:20)\n    at Object.nodeDevHook [as .ts] (C:\\xamppk\\htdocs\\UKKEVENT_Zidane Abiansyah_XII PPLG 1\\ramein-backend\\node_modules\\ts-node-dev\\lib\\hook.js:63:13)\n    at Module.load (node:internal/modules/cjs/loader:1423:32)\n    at Function._load (node:internal/modules/cjs/loader:1246:12)\n    at TracingChannel.traceSync (node:diagnostics_channel:322:14)\n    at wrapModuleLoad (node:internal/modules/cjs/loader:235:24)\n    at Module.require (node:internal/modules/cjs/loader:1445:12)\n    at require (node:internal/modules/helpers:135:16)\n    at Object.<anonymous> (C:\\xamppk\\htdocs\\UKKEVENT_Zidane Abiansyah_XII PPLG 1\\ramein-backend\\src\\routes\\adminRoutes.ts:2:1)\n    at Module.<anonymous> (node:internal/modules/cjs/loader:1688:14)","timestamp":"2025-11-26 11:26:09","trace":[{"column":7,"file":"C:\\xamppk\\htdocs\\UKKEVENT_Zidane Abiansyah_XII PPLG 1\\ramein-backend\\src\\controllers\\AdminController.ts","function":null,"line":1,"method":null,"native":false},{"column":14,"file":"node:internal/modules/cjs/loader","function":null,"line":1688,"method":null,"native":false},{"column":25,"file":"C:\\xamppk\\htdocs\\UKKEVENT_Zidane Abiansyah_XII PPLG 1\\ramein-backend\\node_modules\\source-map-support\\source-map-support.js","function":"Module._compile","line":568,"method":"_compile","native":false},{"column":33,"file":"C:\\Users\\STROKH~1\\AppData\\Local\\Temp\\ts-node-dev-hook-3669130019112905.js","function":"Module.m._compile","line":69,"method":"_compile","native":false},{"column":10,"file":"node:internal/modules/cjs/loader","function":null,"line":1820,"method":null,"native":false},{"column":20,"file":"C:\\Users\\STROKH~1\\AppData\\Local\\Temp\\ts-node-dev-hook-3669130019112905.js","function":"require.extensions..jsx.require.extensions..js","line":114,"method":".js","native":false},{"column":20,"file":"C:\\Users\\STROKH~1\\AppData\\Local\\Temp\\ts-node-dev-hook-3669130019112905.js","function":"require.extensions.<computed>","line":71,"method":"<computed>","native":false},{"column":13,"file":"C:\\xamppk\\htdocs\\UKKEVENT_Zidane Abiansyah_XII PPLG 1\\ramein-backend\\node_modules\\ts-node-dev\\lib\\hook.js","function":"Object.nodeDevHook [as .ts]","line":63,"method":"ts]","native":false},{"column":32,"file":"node:internal/modules/cjs/loader","function":"Module.load","line":1423,"method":"load","native":false},{"column":12,"file":"node:internal/modules/cjs/loader","function":"Function._load","line":1246,"method":"_load","native":false},{"column":14,"file":"node:diagnostics_channel","function":"TracingChannel.traceSync","line":322,"method":"traceSync","native":false},{"column":24,"file":"node:internal/modules/cjs/loader","function":"wrapModuleLoad","line":235,"method":null,"native":false},{"column":12,"file":"node:internal/modules/cjs/loader","function":"Module.require","line":1445,"method":"require","native":false},{"column":16,"file":"node:internal/modules/helpers","function":"require","line":135,"method":null,"native":false},{"column":1,"file":"C:\\xamppk\\htdocs\\UKKEVENT_Zidane Abiansyah_XII PPLG 1\\ramein-backend\\src\\routes\\adminRoutes.ts","function":null,"line":2,"method":null,"native":false},{"column":14,"file":"node:internal/modules/cjs/loader","function":null,"line":1688,"method":null,"native":false}]}
{"date":"Wed Nov 26 2025 11:40:54 GMT+0700 (Indochina Time)","error":{},"exception":true,"level":"error","message":"uncaughtException:  Unable to compile TypeScript:\nsrc/controllers/AdminController.ts(601,12): error TS1005: ',' expected.\r\nsrc/controllers/AdminController.ts(609,11): error TS1005: ',' expected.\r\nsrc/controllers/AdminController.ts(611,7): error TS1005: ',' expected.\r\nsrc/controllers/AdminController.ts(620,1): error TS1128: Declaration or statement expected.\r\nsrc/controllers/AdminController.ts(834,11): error TS1005: 'try' expected.\r\nsrc/controllers/AdminController.ts(843,5): error TS1472: 'catch' or 'finally' expected.\r\n\nError:  Unable to compile TypeScript:\nsrc/controllers/AdminController.ts(601,12): error TS1005: ',' expected.\r\nsrc/controllers/AdminController.ts(609,11): error TS1005: ',' expected.\r\nsrc/controllers/AdminController.ts(611,7): error TS1005: ',' expected.\r\nsrc/controllers/AdminController.ts(620,1): error TS1128: Declaration or statement expected.\r\nsrc/controllers/AdminController.ts(834,11): error TS1005: 'try' expected.\r\nsrc/controllers/AdminController.ts(843,5): error TS1472: 'catch' or 'finally' expected.\r\n\n    at Object.<anonymous> (C:\\xamppk\\htdocs\\UKKEVENT_Zidane Abiansyah_XII PPLG 1\\ramein-backend\\src\\controllers\\AdminController.ts:1:7)\n    at Module.<anonymous> (node:internal/modules/cjs/loader:1688:14)\n    at Module._compile (C:\\xamppk\\htdocs\\UKKEVENT_Zidane Abiansyah_XII PPLG 1\\ramein-backend\\node_modules\\source-map-support\\source-map-support.js:568:25)\n    at Module.m._compile (C:\\Users\\STROKH~1\\AppData\\Local\\Temp\\ts-node-dev-hook-882188304440749.js:69:33)\n    at node:internal/modules/cjs/loader:1820:10\n    at require.extensions..jsx.require.extensions..js (C:\\Users\\STROKH~1\\AppData\\Local\\Temp\\ts-node-dev-hook-882188304440749.js:114:20)\n    at require.extensions.<computed> (C:\\Users\\STROKH~1\\AppData\\Local\\Temp\\ts-node-dev-hook-882188304440749.js:71:20)\n    at Object.nodeDevHook [as .ts] (C:\\xamppk\\htdocs\\UKKEVENT_Zidane Abiansyah_XII PPLG 1\\ramein-backend\\node_modules\\ts-node-dev\\lib\\hook.js:63:13)\n    at Module.load (node:internal/modules/cjs/loader:1423:32)\n    at Function._load (node:internal/modules/cjs/loader:1246:12)\n    at TracingChannel.traceSync (node:diagnostics_channel:322:14)\n    at wrapModuleLoad (node:internal/modules/cjs/loader:235:24)\n    at Module.require (node:internal/modules/cjs/loader:1445:12)\n    at require (node:internal/modules/helpers:135:16)\n    at Object.<anonymous> (C:\\xamppk\\htdocs\\UKKEVENT_Zidane Abiansyah_XII PPLG 1\\ramein-backend\\src\\routes\\adminRoutes.ts:2:1)\n    at Module.<anonymous> (node:internal/modules/cjs/loader:1688:14)","os":{"loadavg":[0,0,0],"uptime":13897.984},"process":{"argv":["C:\\Program Files\\nodejs\\node.exe","src/index.ts"],"cwd":"C:\\xamppk\\htdocs\\UKKEVENT_Zidane Abiansyah_XII PPLG 1\\ramein-backend","execPath":"C:\\Program Files\\nodejs\\node.exe","gid":null,"memoryUsage":{"arrayBuffers":773697,"external":3036141,"heapTotal":114622464,"heapUsed":78867656,"rss":174215168},"pid":4648,"uid":null,"version":"v22.18.0"},"service":"ramein-backend","stack":"Error:  Unable to compile TypeScript:\nsrc/controllers/AdminController.ts(601,12): error TS1005: ',' expected.\r\nsrc/controllers/AdminController.ts(609,11): error TS1005: ',' expected.\r\nsrc/controllers/AdminController.ts(611,7): error TS1005: ',' expected.\r\nsrc/controllers/AdminController.ts(620,1): error TS1128: Declaration or statement expected.\r\nsrc/controllers/AdminController.ts(834,11): error TS1005: 'try' expected.\r\nsrc/controllers/AdminController.ts(843,5): error TS1472: 'catch' or 'finally' expected.\r\n\n    at Object.<anonymous> (C:\\xamppk\\htdocs\\UKKEVENT_Zidane Abiansyah_XII PPLG 1\\ramein-backend\\src\\controllers\\AdminController.ts:1:7)\n    at Module.<anonymous> (node:internal/modules/cjs/loader:1688:14)\n    at Module._compile (C:\\xamppk\\htdocs\\UKKEVENT_Zidane Abiansyah_XII PPLG 1\\ramein-backend\\node_modules\\source-map-support\\source-map-support.js:568:25)\n    at Module.m._compile (C:\\Users\\STROKH~1\\AppData\\Local\\Temp\\ts-node-dev-hook-882188304440749.js:69:33)\n    at node:internal/modules/cjs/loader:1820:10\n    at require.extensions..jsx.require.extensions..js (C:\\Users\\STROKH~1\\AppData\\Local\\Temp\\ts-node-dev-hook-882188304440749.js:114:20)\n    at require.extensions.<computed> (C:\\Users\\STROKH~1\\AppData\\Local\\Temp\\ts-node-dev-hook-882188304440749.js:71:20)\n    at Object.nodeDevHook [as .ts] (C:\\xamppk\\htdocs\\UKKEVENT_Zidane Abiansyah_XII PPLG 1\\ramein-backend\\node_modules\\ts-node-dev\\lib\\hook.js:63:13)\n    at Module.load (node:internal/modules/cjs/loader:1423:32)\n    at Function._load (node:internal/modules/cjs/loader:1246:12)\n    at TracingChannel.traceSync (node:diagnostics_channel:322:14)\n    at wrapModuleLoad (node:internal/modules/cjs/loader:235:24)\n    at Module.require (node:internal/modules/cjs/loader:1445:12)\n    at require (node:internal/modules/helpers:135:16)\n    at Object.<anonymous> (C:\\xamppk\\htdocs\\UKKEVENT_Zidane Abiansyah_XII PPLG 1\\ramein-backend\\src\\routes\\adminRoutes.ts:2:1)\n    at Module.<anonymous> (node:internal/modules/cjs/loader:1688:14)","timestamp":"2025-11-26 11:40:54","trace":[{"column":7,"file":"C:\\xamppk\\htdocs\\UKKEVENT_Zidane Abiansyah_XII PPLG 1\\ramein-backend\\src\\controllers\\AdminController.ts","function":null,"line":1,"method":null,"native":false},{"column":14,"file":"node:internal/modules/cjs/loader","function":null,"line":1688,"method":null,"native":false},{"column":25,"file":"C:\\xamppk\\htdocs\\UKKEVENT_Zidane Abiansyah_XII PPLG 1\\ramein-backend\\node_modules\\source-map-support\\source-map-support.js","function":"Module._compile","line":568,"method":"_compile","native":false},{"column":33,"file":"C:\\Users\\STROKH~1\\AppData\\Local\\Temp\\ts-node-dev-hook-882188304440749.js","function":"Module.m._compile","line":69,"method":"_compile","native":false},{"column":10,"file":"node:internal/modules/cjs/loader","function":null,"line":1820,"method":null,"native":false},{"column":20,"file":"C:\\Users\\STROKH~1\\AppData\\Local\\Temp\\ts-node-dev-hook-882188304440749.js","function":"require.extensions..jsx.require.extensions..js","line":114,"method":".js","native":false},{"column":20,"file":"C:\\Users\\STROKH~1\\AppData\\Local\\Temp\\ts-node-dev-hook-882188304440749.js","function":"require.extensions.<computed>","line":71,"method":"<computed>","native":false},{"column":13,"file":"C:\\xamppk\\htdocs\\UKKEVENT_Zidane Abiansyah_XII PPLG 1\\ramein-backend\\node_modules\\ts-node-dev\\lib\\hook.js","function":"Object.nodeDevHook [as .ts]","line":63,"method":"ts]","native":false},{"column":32,"file":"node:internal/modules/cjs/loader","function":"Module.load","line":1423,"method":"load","native":false},{"column":12,"file":"node:internal/modules/cjs/loader","function":"Function._load","line":1246,"method":"_load","native":false},{"column":14,"file":"node:diagnostics_channel","function":"TracingChannel.traceSync","line":322,"method":"traceSync","native":false},{"column":24,"file":"node:internal/modules/cjs/loader","function":"wrapModuleLoad","line":235,"method":null,"native":false},{"column":12,"file":"node:internal/modules/cjs/loader","function":"Module.require","line":1445,"method":"require","native":false},{"column":16,"file":"node:internal/modules/helpers","function":"require","line":135,"method":null,"native":false},{"column":1,"file":"C:\\xamppk\\htdocs\\UKKEVENT_Zidane Abiansyah_XII PPLG 1\\ramein-backend\\src\\routes\\adminRoutes.ts","function":null,"line":2,"method":null,"native":false},{"column":14,"file":"node:internal/modules/cjs/loader","function":null,"line":1688,"method":null,"native":false}]}
